-- Found ament_cmake: 2.5.3 (/opt/ros/jazzy/share/ament_cmake/cmake)
-- Found std_msgs: 5.3.6 (/opt/ros/jazzy/share/std_msgs/cmake)
-- Found rosidl_generator_c: 4.6.5 (/opt/ros/jazzy/share/rosidl_generator_c/cmake)
-- Found rosidl_generator_cpp: 4.6.5 (/opt/ros/jazzy/share/rosidl_generator_cpp/cmake)
-- Using all available rosidl_typesupport_c: rosidl_typesupport_fastrtps_c;rosidl_typesupport_introspection_c
-- Using all available rosidl_typesupport_cpp: rosidl_typesupport_fastrtps_cpp;rosidl_typesupport_introspection_cpp
-- Found rosidl_default_generators: 1.6.0 (/opt/ros/jazzy/share/rosidl_default_generators/cmake)
-- Found rosidl_adapter: 4.6.5 (/opt/ros/jazzy/share/rosidl_adapter/cmake)
-- Found ament_cmake_ros: 0.12.0 (/opt/ros/jazzy/share/ament_cmake_ros/cmake)
-- Using all available rosidl_typesupport_c: rosidl_typesupport_fastrtps_c;rosidl_typesupport_introspection_c
-- Using all available rosidl_typesupport_cpp: rosidl_typesupport_fastrtps_cpp;rosidl_typesupport_introspection_cpp
-- Found python_cmake_module: 0.11.1 (/opt/ros/jazzy/share/python_cmake_module/cmake)
-- Found PythonExtra: /usr/bin/python3  
-- Found Python3: /usr/bin/python3 (found version "3.12.3") found components: Interpreter Development NumPy Development.Module Development.Embed 
-- Found ament_lint_auto: 0.17.2 (/opt/ros/jazzy/share/ament_lint_auto/cmake)
-- Added test 'cppcheck' to perform static code analysis on C / C++ code
-- Configured cppcheck include dirs: $<BUILD_INTERFACE:/home/kai/ros2_ws/src/cartpole_interfaces/build/cartpole_interfaces/rosidl_generator_c>;$<BUILD_INTERFACE:/home/kai/ros2_ws/src/cartpole_interfaces/build/cartpole_interfaces/rosidl_typesupport_fastrtps_c>;$<BUILD_INTERFACE:/home/kai/ros2_ws/src/cartpole_interfaces/build/cartpole_interfaces/rosidl_generator_cpp>;$<BUILD_INTERFACE:/home/kai/ros2_ws/src/cartpole_interfaces/build/cartpole_interfaces/rosidl_typesupport_fastrtps_cpp>;$<BUILD_INTERFACE:/home/kai/ros2_ws/src/cartpole_interfaces/build/cartpole_interfaces/rosidl_typesupport_introspection_c>;$<BUILD_INTERFACE:/home/kai/ros2_ws/src/cartpole_interfaces/build/cartpole_interfaces/rosidl_typesupport_introspection_cpp>;/home/kai/ros2_ws/src/cartpole_interfaces/build/cartpole_interfaces/rosidl_generator_c;/home/kai/ros2_ws/src/cartpole_interfaces/build/cartpole_interfaces/rosidl_generator_py
-- Configured cppcheck exclude dirs and/or files: 
-- Added test 'flake8' to check Python code syntax and style conventions
-- Configured 'flake8' exclude dirs and/or files: 
-- Added test 'lint_cmake' to check CMake code style
-- Added test 'pep257' to check Python code against some of the docstring style conventions in PEP 257
-- Added test 'uncrustify' to check C / C++ code style
-- Configured uncrustify additional arguments: 
-- Added test 'xmllint' to check XML markup files
-- Configuring done (4.2s)
-- Generating done (0.1s)
-- Build files have been written to: /home/kai/ros2_ws/src/cartpole_interfaces/build/cartpole_interfaces
[  1%] [34m[1mGenerating type hashes for ROS interfaces[0m
[  1%] Built target ament_cmake_python_copy_cartpole_interfaces
running egg_info
creating cartpole_interfaces.egg-info
writing cartpole_interfaces.egg-info/PKG-INFO
writing dependency_links to cartpole_interfaces.egg-info/dependency_links.txt
writing top-level names to cartpole_interfaces.egg-info/top_level.txt
writing manifest file 'cartpole_interfaces.egg-info/SOURCES.txt'
[  1%] Built target cartpole_interfaces__rosidl_generator_type_description
[  3%] [34m[1mGenerating C code for ROS interfaces[0m
reading manifest file 'cartpole_interfaces.egg-info/SOURCES.txt'
writing manifest file 'cartpole_interfaces.egg-info/SOURCES.txt'
[  5%] [34m[1mGenerating C++ code for ROS interfaces[0m
[  5%] Built target ament_cmake_python_build_cartpole_interfaces_egg
[  5%] Built target cartpole_interfaces__cpp
[ 11%] [32mBuilding C object CMakeFiles/cartpole_interfaces__rosidl_generator_c.dir/rosidl_generator_c/cartpole_interfaces/msg/detail/position_reading__description.c.o[0m
[ 11%] [32mBuilding C object CMakeFiles/cartpole_interfaces__rosidl_generator_c.dir/rosidl_generator_c/cartpole_interfaces/msg/detail/imu_reading__description.c.o[0m
[ 11%] [32mBuilding C object CMakeFiles/cartpole_interfaces__rosidl_generator_c.dir/rosidl_generator_c/cartpole_interfaces/msg/detail/imu_reading__functions.c.o[0m
[ 12%] [32mBuilding C object CMakeFiles/cartpole_interfaces__rosidl_generator_c.dir/rosidl_generator_c/cartpole_interfaces/msg/detail/imu_reading__type_support.c.o[0m
[ 14%] [32mBuilding C object CMakeFiles/cartpole_interfaces__rosidl_generator_c.dir/rosidl_generator_c/cartpole_interfaces/msg/detail/position_reading__functions.c.o[0m
[ 18%] [32mBuilding C object CMakeFiles/cartpole_interfaces__rosidl_generator_c.dir/rosidl_generator_c/cartpole_interfaces/msg/detail/torque_command__description.c.o[0m
[ 18%] [32mBuilding C object CMakeFiles/cartpole_interfaces__rosidl_generator_c.dir/rosidl_generator_c/cartpole_interfaces/msg/detail/position_reading__type_support.c.o[0m
[ 22%] [32mBuilding C object CMakeFiles/cartpole_interfaces__rosidl_generator_c.dir/rosidl_generator_c/cartpole_interfaces/msg/detail/torque_command__type_support.c.o[0m
[ 22%] [32mBuilding C object CMakeFiles/cartpole_interfaces__rosidl_generator_c.dir/rosidl_generator_c/cartpole_interfaces/msg/detail/torque_command__functions.c.o[0m
[ 24%] [32m[1mLinking C shared library libcartpole_interfaces__rosidl_generator_c.so[0m
[ 24%] Built target cartpole_interfaces__rosidl_generator_c
[ 31%] [34m[1mGenerating C type support for eProsima Fast-RTPS[0m
[ 31%] [34m[1mGenerating C introspection for ROS interfaces[0m
[ 31%] [34m[1mGenerating C++ type support for eProsima Fast-RTPS[0m
[ 31%] [34m[1mGenerating C type support dispatch for ROS interfaces[0m
[ 33%] [32mBuilding CXX object CMakeFiles/cartpole_interfaces__rosidl_typesupport_c.dir/rosidl_typesupport_c/cartpole_interfaces/msg/imu_reading__type_support.cpp.o[0m
[ 35%] [32mBuilding C object CMakeFiles/cartpole_interfaces__rosidl_typesupport_introspection_c.dir/rosidl_typesupport_introspection_c/cartpole_interfaces/msg/detail/imu_reading__type_support.c.o[0m
[ 37%] [32mBuilding CXX object CMakeFiles/cartpole_interfaces__rosidl_typesupport_fastrtps_cpp.dir/rosidl_typesupport_fastrtps_cpp/cartpole_interfaces/msg/detail/dds_fastrtps/imu_reading__type_support.cpp.o[0m
[ 38%] [32mBuilding CXX object CMakeFiles/cartpole_interfaces__rosidl_typesupport_fastrtps_c.dir/rosidl_typesupport_fastrtps_c/cartpole_interfaces/msg/detail/imu_reading__type_support_c.cpp.o[0m
[ 40%] [32mBuilding C object CMakeFiles/cartpole_interfaces__rosidl_typesupport_introspection_c.dir/rosidl_typesupport_introspection_c/cartpole_interfaces/msg/detail/position_reading__type_support.c.o[0m
[ 42%] [32mBuilding C object CMakeFiles/cartpole_interfaces__rosidl_typesupport_introspection_c.dir/rosidl_typesupport_introspection_c/cartpole_interfaces/msg/detail/torque_command__type_support.c.o[0m
[ 44%] [32m[1mLinking C shared library libcartpole_interfaces__rosidl_typesupport_introspection_c.so[0m
[ 44%] Built target cartpole_interfaces__rosidl_typesupport_introspection_c
[ 46%] [34m[1mGenerating C++ introspection for ROS interfaces[0m
[ 48%] [32mBuilding CXX object CMakeFiles/cartpole_interfaces__rosidl_typesupport_c.dir/rosidl_typesupport_c/cartpole_interfaces/msg/position_reading__type_support.cpp.o[0m
[ 50%] [32mBuilding CXX object CMakeFiles/cartpole_interfaces__rosidl_typesupport_c.dir/rosidl_typesupport_c/cartpole_interfaces/msg/torque_command__type_support.cpp.o[0m
[ 51%] [32m[1mLinking CXX shared library libcartpole_interfaces__rosidl_typesupport_c.so[0m
[ 51%] Built target cartpole_interfaces__rosidl_typesupport_c
[ 53%] [34m[1mGenerating C++ type support dispatch for ROS interfaces[0m
[ 55%] [32mBuilding CXX object CMakeFiles/cartpole_interfaces__rosidl_typesupport_introspection_cpp.dir/rosidl_typesupport_introspection_cpp/cartpole_interfaces/msg/detail/imu_reading__type_support.cpp.o[0m
[ 57%] [32mBuilding CXX object CMakeFiles/cartpole_interfaces__rosidl_typesupport_cpp.dir/rosidl_typesupport_cpp/cartpole_interfaces/msg/imu_reading__type_support.cpp.o[0m
[ 61%] [32mBuilding CXX object CMakeFiles/cartpole_interfaces__rosidl_typesupport_fastrtps_c.dir/rosidl_typesupport_fastrtps_c/cartpole_interfaces/msg/detail/position_reading__type_support_c.cpp.o[0m
[ 61%] [32mBuilding CXX object CMakeFiles/cartpole_interfaces__rosidl_typesupport_fastrtps_cpp.dir/rosidl_typesupport_fastrtps_cpp/cartpole_interfaces/msg/detail/dds_fastrtps/position_reading__type_support.cpp.o[0m
[ 62%] [32mBuilding CXX object CMakeFiles/cartpole_interfaces__rosidl_typesupport_introspection_cpp.dir/rosidl_typesupport_introspection_cpp/cartpole_interfaces/msg/detail/position_reading__type_support.cpp.o[0m
[ 64%] [32mBuilding CXX object CMakeFiles/cartpole_interfaces__rosidl_typesupport_cpp.dir/rosidl_typesupport_cpp/cartpole_interfaces/msg/position_reading__type_support.cpp.o[0m
[ 66%] [32mBuilding CXX object CMakeFiles/cartpole_interfaces__rosidl_typesupport_fastrtps_c.dir/rosidl_typesupport_fastrtps_c/cartpole_interfaces/msg/detail/torque_command__type_support_c.cpp.o[0m
[ 68%] [32mBuilding CXX object CMakeFiles/cartpole_interfaces__rosidl_typesupport_introspection_cpp.dir/rosidl_typesupport_introspection_cpp/cartpole_interfaces/msg/detail/torque_command__type_support.cpp.o[0m
[ 70%] [32mBuilding CXX object CMakeFiles/cartpole_interfaces__rosidl_typesupport_fastrtps_cpp.dir/rosidl_typesupport_fastrtps_cpp/cartpole_interfaces/msg/detail/dds_fastrtps/torque_command__type_support.cpp.o[0m
[ 72%] [32mBuilding CXX object CMakeFiles/cartpole_interfaces__rosidl_typesupport_cpp.dir/rosidl_typesupport_cpp/cartpole_interfaces/msg/torque_command__type_support.cpp.o[0m
[ 74%] [32m[1mLinking CXX shared library libcartpole_interfaces__rosidl_typesupport_introspection_cpp.so[0m
[ 74%] Built target cartpole_interfaces__rosidl_typesupport_introspection_cpp
[ 75%] [32m[1mLinking CXX shared library libcartpole_interfaces__rosidl_typesupport_cpp.so[0m
[ 77%] [32m[1mLinking CXX shared library libcartpole_interfaces__rosidl_typesupport_fastrtps_c.so[0m
[ 77%] Built target cartpole_interfaces__rosidl_typesupport_cpp
[ 79%] [32m[1mLinking CXX shared library libcartpole_interfaces__rosidl_typesupport_fastrtps_cpp.so[0m
[ 79%] Built target cartpole_interfaces__rosidl_typesupport_fastrtps_c
[ 79%] Built target cartpole_interfaces__rosidl_typesupport_fastrtps_cpp
[ 79%] Built target cartpole_interfaces
[ 81%] [34m[1mGenerating Python code for ROS interfaces[0m
[ 81%] Built target cartpole_interfaces__py
[ 87%] [32mBuilding C object CMakeFiles/cartpole_interfaces__rosidl_generator_py.dir/rosidl_generator_py/cartpole_interfaces/msg/_position_reading_s.c.o[0m
[ 87%] [32mBuilding C object CMakeFiles/cartpole_interfaces__rosidl_generator_py.dir/rosidl_generator_py/cartpole_interfaces/msg/_imu_reading_s.c.o[0m
[ 87%] [32mBuilding C object CMakeFiles/cartpole_interfaces__rosidl_generator_py.dir/rosidl_generator_py/cartpole_interfaces/msg/_torque_command_s.c.o[0m
[ 88%] [32m[1mLinking C shared library libcartpole_interfaces__rosidl_generator_py.so[0m
[ 88%] Built target cartpole_interfaces__rosidl_generator_py
[ 92%] [32mBuilding C object CMakeFiles/cartpole_interfaces_s__rosidl_typesupport_c.dir/rosidl_generator_py/cartpole_interfaces/_cartpole_interfaces_s.ep.rosidl_typesupport_c.c.o[0m
[ 92%] [32mBuilding C object CMakeFiles/cartpole_interfaces_s__rosidl_typesupport_introspection_c.dir/rosidl_generator_py/cartpole_interfaces/_cartpole_interfaces_s.ep.rosidl_typesupport_introspection_c.c.o[0m
[ 94%] [32mBuilding C object CMakeFiles/cartpole_interfaces_s__rosidl_typesupport_fastrtps_c.dir/rosidl_generator_py/cartpole_interfaces/_cartpole_interfaces_s.ep.rosidl_typesupport_fastrtps_c.c.o[0m
[ 98%] [32m[1mLinking C shared module rosidl_generator_py/cartpole_interfaces/cartpole_interfaces_s__rosidl_typesupport_c.so[0m
[ 98%] [32m[1mLinking C shared module rosidl_generator_py/cartpole_interfaces/cartpole_interfaces_s__rosidl_typesupport_introspection_c.so[0m
[100%] [32m[1mLinking C shared module rosidl_generator_py/cartpole_interfaces/cartpole_interfaces_s__rosidl_typesupport_fastrtps_c.so[0m
[100%] Built target cartpole_interfaces_s__rosidl_typesupport_introspection_c
[100%] Built target cartpole_interfaces_s__rosidl_typesupport_c
[100%] Built target cartpole_interfaces_s__rosidl_typesupport_fastrtps_c
-- Install configuration: ""
-- Installing: /home/kai/ros2_ws/src/cartpole_interfaces/install/cartpole_interfaces/share/ament_index/resource_index/rosidl_interfaces/cartpole_interfaces
-- Installing: /home/kai/ros2_ws/src/cartpole_interfaces/install/cartpole_interfaces/share/cartpole_interfaces/msg/ImuReading.json
-- Installing: /home/kai/ros2_ws/src/cartpole_interfaces/install/cartpole_interfaces/share/cartpole_interfaces/msg/PositionReading.json
-- Installing: /home/kai/ros2_ws/src/cartpole_interfaces/install/cartpole_interfaces/share/cartpole_interfaces/msg/TorqueCommand.json
-- Installing: /home/kai/ros2_ws/src/cartpole_interfaces/install/cartpole_interfaces/include/cartpole_interfaces/cartpole_interfaces
-- Installing: /home/kai/ros2_ws/src/cartpole_interfaces/install/cartpole_interfaces/include/cartpole_interfaces/cartpole_interfaces/msg
-- Installing: /home/kai/ros2_ws/src/cartpole_interfaces/install/cartpole_interfaces/include/cartpole_interfaces/cartpole_interfaces/msg/imu_reading.h
-- Installing: /home/kai/ros2_ws/src/cartpole_interfaces/install/cartpole_interfaces/include/cartpole_interfaces/cartpole_interfaces/msg/rosidl_generator_c__visibility_control.h
-- Installing: /home/kai/ros2_ws/src/cartpole_interfaces/install/cartpole_interfaces/include/cartpole_interfaces/cartpole_interfaces/msg/position_reading.h
-- Installing: /home/kai/ros2_ws/src/cartpole_interfaces/install/cartpole_interfaces/include/cartpole_interfaces/cartpole_interfaces/msg/torque_command.h
-- Installing: /home/kai/ros2_ws/src/cartpole_interfaces/install/cartpole_interfaces/include/cartpole_interfaces/cartpole_interfaces/msg/detail
-- Installing: /home/kai/ros2_ws/src/cartpole_interfaces/install/cartpole_interfaces/include/cartpole_interfaces/cartpole_interfaces/msg/detail/position_reading__struct.h
-- Installing: /home/kai/ros2_ws/src/cartpole_interfaces/install/cartpole_interfaces/include/cartpole_interfaces/cartpole_interfaces/msg/detail/position_reading__type_support.h
-- Installing: /home/kai/ros2_ws/src/cartpole_interfaces/install/cartpole_interfaces/include/cartpole_interfaces/cartpole_interfaces/msg/detail/torque_command__description.c
-- Installing: /home/kai/ros2_ws/src/cartpole_interfaces/install/cartpole_interfaces/include/cartpole_interfaces/cartpole_interfaces/msg/detail/torque_command__struct.h
-- Installing: /home/kai/ros2_ws/src/cartpole_interfaces/install/cartpole_interfaces/include/cartpole_interfaces/cartpole_interfaces/msg/detail/torque_command__functions.c
-- Installing: /home/kai/ros2_ws/src/cartpole_interfaces/install/cartpole_interfaces/include/cartpole_interfaces/cartpole_interfaces/msg/detail/position_reading__description.c
-- Installing: /home/kai/ros2_ws/src/cartpole_interfaces/install/cartpole_interfaces/include/cartpole_interfaces/cartpole_interfaces/msg/detail/imu_reading__functions.h
-- Installing: /home/kai/ros2_ws/src/cartpole_interfaces/install/cartpole_interfaces/include/cartpole_interfaces/cartpole_interfaces/msg/detail/torque_command__type_support.c
-- Installing: /home/kai/ros2_ws/src/cartpole_interfaces/install/cartpole_interfaces/include/cartpole_interfaces/cartpole_interfaces/msg/detail/imu_reading__description.c
-- Installing: /home/kai/ros2_ws/src/cartpole_interfaces/install/cartpole_interfaces/include/cartpole_interfaces/cartpole_interfaces/msg/detail/torque_command__functions.h
-- Installing: /home/kai/ros2_ws/src/cartpole_interfaces/install/cartpole_interfaces/include/cartpole_interfaces/cartpole_interfaces/msg/detail/position_reading__functions.c
-- Installing: /home/kai/ros2_ws/src/cartpole_interfaces/install/cartpole_interfaces/include/cartpole_interfaces/cartpole_interfaces/msg/detail/torque_command__type_support.h
-- Installing: /home/kai/ros2_ws/src/cartpole_interfaces/install/cartpole_interfaces/include/cartpole_interfaces/cartpole_interfaces/msg/detail/position_reading__type_support.c
-- Installing: /home/kai/ros2_ws/src/cartpole_interfaces/install/cartpole_interfaces/include/cartpole_interfaces/cartpole_interfaces/msg/detail/imu_reading__type_support.h
-- Installing: /home/kai/ros2_ws/src/cartpole_interfaces/install/cartpole_interfaces/include/cartpole_interfaces/cartpole_interfaces/msg/detail/imu_reading__type_support.c
-- Installing: /home/kai/ros2_ws/src/cartpole_interfaces/install/cartpole_interfaces/include/cartpole_interfaces/cartpole_interfaces/msg/detail/position_reading__functions.h
-- Installing: /home/kai/ros2_ws/src/cartpole_interfaces/install/cartpole_interfaces/include/cartpole_interfaces/cartpole_interfaces/msg/detail/imu_reading__struct.h
-- Installing: /home/kai/ros2_ws/src/cartpole_interfaces/install/cartpole_interfaces/include/cartpole_interfaces/cartpole_interfaces/msg/detail/imu_reading__functions.c
-- Installing: /home/kai/ros2_ws/src/cartpole_interfaces/install/cartpole_interfaces/share/cartpole_interfaces/environment/library_path.sh
-- Installing: /home/kai/ros2_ws/src/cartpole_interfaces/install/cartpole_interfaces/share/cartpole_interfaces/environment/library_path.dsv
-- Installing: /home/kai/ros2_ws/src/cartpole_interfaces/install/cartpole_interfaces/lib/libcartpole_interfaces__rosidl_generator_c.so
-- Set non-toolchain portion of runtime path of "/home/kai/ros2_ws/src/cartpole_interfaces/install/cartpole_interfaces/lib/libcartpole_interfaces__rosidl_generator_c.so" to ""
-- Up-to-date: /home/kai/ros2_ws/src/cartpole_interfaces/install/cartpole_interfaces/include/cartpole_interfaces/cartpole_interfaces
-- Up-to-date: /home/kai/ros2_ws/src/cartpole_interfaces/install/cartpole_interfaces/include/cartpole_interfaces/cartpole_interfaces/msg
-- Installing: /home/kai/ros2_ws/src/cartpole_interfaces/install/cartpole_interfaces/include/cartpole_interfaces/cartpole_interfaces/msg/rosidl_typesupport_fastrtps_c__visibility_control.h
-- Up-to-date: /home/kai/ros2_ws/src/cartpole_interfaces/install/cartpole_interfaces/include/cartpole_interfaces/cartpole_interfaces/msg/detail
-- Installing: /home/kai/ros2_ws/src/cartpole_interfaces/install/cartpole_interfaces/include/cartpole_interfaces/cartpole_interfaces/msg/detail/torque_command__rosidl_typesupport_fastrtps_c.h
-- Installing: /home/kai/ros2_ws/src/cartpole_interfaces/install/cartpole_interfaces/include/cartpole_interfaces/cartpole_interfaces/msg/detail/imu_reading__rosidl_typesupport_fastrtps_c.h
-- Installing: /home/kai/ros2_ws/src/cartpole_interfaces/install/cartpole_interfaces/include/cartpole_interfaces/cartpole_interfaces/msg/detail/position_reading__rosidl_typesupport_fastrtps_c.h
-- Installing: /home/kai/ros2_ws/src/cartpole_interfaces/install/cartpole_interfaces/lib/libcartpole_interfaces__rosidl_typesupport_fastrtps_c.so
-- Set non-toolchain portion of runtime path of "/home/kai/ros2_ws/src/cartpole_interfaces/install/cartpole_interfaces/lib/libcartpole_interfaces__rosidl_typesupport_fastrtps_c.so" to ""
-- Up-to-date: /home/kai/ros2_ws/src/cartpole_interfaces/install/cartpole_interfaces/include/cartpole_interfaces/cartpole_interfaces
-- Up-to-date: /home/kai/ros2_ws/src/cartpole_interfaces/install/cartpole_interfaces/include/cartpole_interfaces/cartpole_interfaces/msg
-- Installing: /home/kai/ros2_ws/src/cartpole_interfaces/install/cartpole_interfaces/include/cartpole_interfaces/cartpole_interfaces/msg/rosidl_generator_cpp__visibility_control.hpp
-- Installing: /home/kai/ros2_ws/src/cartpole_interfaces/install/cartpole_interfaces/include/cartpole_interfaces/cartpole_interfaces/msg/position_reading.hpp
-- Installing: /home/kai/ros2_ws/src/cartpole_interfaces/install/cartpole_interfaces/include/cartpole_interfaces/cartpole_interfaces/msg/torque_command.hpp
-- Installing: /home/kai/ros2_ws/src/cartpole_interfaces/install/cartpole_interfaces/include/cartpole_interfaces/cartpole_interfaces/msg/imu_reading.hpp
-- Up-to-date: /home/kai/ros2_ws/src/cartpole_interfaces/install/cartpole_interfaces/include/cartpole_interfaces/cartpole_interfaces/msg/detail
-- Installing: /home/kai/ros2_ws/src/cartpole_interfaces/install/cartpole_interfaces/include/cartpole_interfaces/cartpole_interfaces/msg/detail/position_reading__traits.hpp
-- Installing: /home/kai/ros2_ws/src/cartpole_interfaces/install/cartpole_interfaces/include/cartpole_interfaces/cartpole_interfaces/msg/detail/torque_command__traits.hpp
-- Installing: /home/kai/ros2_ws/src/cartpole_interfaces/install/cartpole_interfaces/include/cartpole_interfaces/cartpole_interfaces/msg/detail/position_reading__type_support.hpp
-- Installing: /home/kai/ros2_ws/src/cartpole_interfaces/install/cartpole_interfaces/include/cartpole_interfaces/cartpole_interfaces/msg/detail/position_reading__struct.hpp
-- Installing: /home/kai/ros2_ws/src/cartpole_interfaces/install/cartpole_interfaces/include/cartpole_interfaces/cartpole_interfaces/msg/detail/imu_reading__traits.hpp
-- Installing: /home/kai/ros2_ws/src/cartpole_interfaces/install/cartpole_interfaces/include/cartpole_interfaces/cartpole_interfaces/msg/detail/torque_command__struct.hpp
-- Installing: /home/kai/ros2_ws/src/cartpole_interfaces/install/cartpole_interfaces/include/cartpole_interfaces/cartpole_interfaces/msg/detail/position_reading__builder.hpp
-- Installing: /home/kai/ros2_ws/src/cartpole_interfaces/install/cartpole_interfaces/include/cartpole_interfaces/cartpole_interfaces/msg/detail/imu_reading__struct.hpp
-- Installing: /home/kai/ros2_ws/src/cartpole_interfaces/install/cartpole_interfaces/include/cartpole_interfaces/cartpole_interfaces/msg/detail/imu_reading__builder.hpp
-- Installing: /home/kai/ros2_ws/src/cartpole_interfaces/install/cartpole_interfaces/include/cartpole_interfaces/cartpole_interfaces/msg/detail/torque_command__type_support.hpp
-- Installing: /home/kai/ros2_ws/src/cartpole_interfaces/install/cartpole_interfaces/include/cartpole_interfaces/cartpole_interfaces/msg/detail/imu_reading__type_support.hpp
-- Installing: /home/kai/ros2_ws/src/cartpole_interfaces/install/cartpole_interfaces/include/cartpole_interfaces/cartpole_interfaces/msg/detail/torque_command__builder.hpp
-- Up-to-date: /home/kai/ros2_ws/src/cartpole_interfaces/install/cartpole_interfaces/include/cartpole_interfaces/cartpole_interfaces
-- Up-to-date: /home/kai/ros2_ws/src/cartpole_interfaces/install/cartpole_interfaces/include/cartpole_interfaces/cartpole_interfaces/msg
-- Installing: /home/kai/ros2_ws/src/cartpole_interfaces/install/cartpole_interfaces/include/cartpole_interfaces/cartpole_interfaces/msg/rosidl_typesupport_fastrtps_cpp__visibility_control.h
-- Up-to-date: /home/kai/ros2_ws/src/cartpole_interfaces/install/cartpole_interfaces/include/cartpole_interfaces/cartpole_interfaces/msg/detail
-- Installing: /home/kai/ros2_ws/src/cartpole_interfaces/install/cartpole_interfaces/include/cartpole_interfaces/cartpole_interfaces/msg/detail/position_reading__rosidl_typesupport_fastrtps_cpp.hpp
-- Installing: /home/kai/ros2_ws/src/cartpole_interfaces/install/cartpole_interfaces/include/cartpole_interfaces/cartpole_interfaces/msg/detail/imu_reading__rosidl_typesupport_fastrtps_cpp.hpp
-- Installing: /home/kai/ros2_ws/src/cartpole_interfaces/install/cartpole_interfaces/include/cartpole_interfaces/cartpole_interfaces/msg/detail/dds_fastrtps
-- Installing: /home/kai/ros2_ws/src/cartpole_interfaces/install/cartpole_interfaces/include/cartpole_interfaces/cartpole_interfaces/msg/detail/torque_command__rosidl_typesupport_fastrtps_cpp.hpp
-- Installing: /home/kai/ros2_ws/src/cartpole_interfaces/install/cartpole_interfaces/lib/libcartpole_interfaces__rosidl_typesupport_fastrtps_cpp.so
-- Set non-toolchain portion of runtime path of "/home/kai/ros2_ws/src/cartpole_interfaces/install/cartpole_interfaces/lib/libcartpole_interfaces__rosidl_typesupport_fastrtps_cpp.so" to ""
-- Up-to-date: /home/kai/ros2_ws/src/cartpole_interfaces/install/cartpole_interfaces/include/cartpole_interfaces/cartpole_interfaces
-- Up-to-date: /home/kai/ros2_ws/src/cartpole_interfaces/install/cartpole_interfaces/include/cartpole_interfaces/cartpole_interfaces/msg
-- Up-to-date: /home/kai/ros2_ws/src/cartpole_interfaces/install/cartpole_interfaces/include/cartpole_interfaces/cartpole_interfaces/msg/detail
-- Installing: /home/kai/ros2_ws/src/cartpole_interfaces/install/cartpole_interfaces/include/cartpole_interfaces/cartpole_interfaces/msg/detail/imu_reading__rosidl_typesupport_introspection_c.h
-- Installing: /home/kai/ros2_ws/src/cartpole_interfaces/install/cartpole_interfaces/include/cartpole_interfaces/cartpole_interfaces/msg/detail/torque_command__rosidl_typesupport_introspection_c.h
-- Installing: /home/kai/ros2_ws/src/cartpole_interfaces/install/cartpole_interfaces/include/cartpole_interfaces/cartpole_interfaces/msg/detail/torque_command__type_support.c
-- Installing: /home/kai/ros2_ws/src/cartpole_interfaces/install/cartpole_interfaces/include/cartpole_interfaces/cartpole_interfaces/msg/detail/position_reading__type_support.c
-- Installing: /home/kai/ros2_ws/src/cartpole_interfaces/install/cartpole_interfaces/include/cartpole_interfaces/cartpole_interfaces/msg/detail/position_reading__rosidl_typesupport_introspection_c.h
-- Installing: /home/kai/ros2_ws/src/cartpole_interfaces/install/cartpole_interfaces/include/cartpole_interfaces/cartpole_interfaces/msg/detail/imu_reading__type_support.c
-- Installing: /home/kai/ros2_ws/src/cartpole_interfaces/install/cartpole_interfaces/include/cartpole_interfaces/cartpole_interfaces/msg/rosidl_typesupport_introspection_c__visibility_control.h
-- Installing: /home/kai/ros2_ws/src/cartpole_interfaces/install/cartpole_interfaces/lib/libcartpole_interfaces__rosidl_typesupport_introspection_c.so
-- Set non-toolchain portion of runtime path of "/home/kai/ros2_ws/src/cartpole_interfaces/install/cartpole_interfaces/lib/libcartpole_interfaces__rosidl_typesupport_introspection_c.so" to ""
-- Installing: /home/kai/ros2_ws/src/cartpole_interfaces/install/cartpole_interfaces/lib/libcartpole_interfaces__rosidl_typesupport_c.so
-- Set non-toolchain portion of runtime path of "/home/kai/ros2_ws/src/cartpole_interfaces/install/cartpole_interfaces/lib/libcartpole_interfaces__rosidl_typesupport_c.so" to ""
-- Up-to-date: /home/kai/ros2_ws/src/cartpole_interfaces/install/cartpole_interfaces/include/cartpole_interfaces/cartpole_interfaces
-- Up-to-date: /home/kai/ros2_ws/src/cartpole_interfaces/install/cartpole_interfaces/include/cartpole_interfaces/cartpole_interfaces/msg
-- Up-to-date: /home/kai/ros2_ws/src/cartpole_interfaces/install/cartpole_interfaces/include/cartpole_interfaces/cartpole_interfaces/msg/detail
-- Installing: /home/kai/ros2_ws/src/cartpole_interfaces/install/cartpole_interfaces/include/cartpole_interfaces/cartpole_interfaces/msg/detail/torque_command__rosidl_typesupport_introspection_cpp.hpp
-- Installing: /home/kai/ros2_ws/src/cartpole_interfaces/install/cartpole_interfaces/include/cartpole_interfaces/cartpole_interfaces/msg/detail/position_reading__rosidl_typesupport_introspection_cpp.hpp
-- Installing: /home/kai/ros2_ws/src/cartpole_interfaces/install/cartpole_interfaces/include/cartpole_interfaces/cartpole_interfaces/msg/detail/position_reading__type_support.cpp
-- Installing: /home/kai/ros2_ws/src/cartpole_interfaces/install/cartpole_interfaces/include/cartpole_interfaces/cartpole_interfaces/msg/detail/torque_command__type_support.cpp
-- Installing: /home/kai/ros2_ws/src/cartpole_interfaces/install/cartpole_interfaces/include/cartpole_interfaces/cartpole_interfaces/msg/detail/imu_reading__type_support.cpp
-- Installing: /home/kai/ros2_ws/src/cartpole_interfaces/install/cartpole_interfaces/include/cartpole_interfaces/cartpole_interfaces/msg/detail/imu_reading__rosidl_typesupport_introspection_cpp.hpp
-- Installing: /home/kai/ros2_ws/src/cartpole_interfaces/install/cartpole_interfaces/lib/libcartpole_interfaces__rosidl_typesupport_introspection_cpp.so
-- Set non-toolchain portion of runtime path of "/home/kai/ros2_ws/src/cartpole_interfaces/install/cartpole_interfaces/lib/libcartpole_interfaces__rosidl_typesupport_introspection_cpp.so" to ""
-- Installing: /home/kai/ros2_ws/src/cartpole_interfaces/install/cartpole_interfaces/lib/libcartpole_interfaces__rosidl_typesupport_cpp.so
-- Set non-toolchain portion of runtime path of "/home/kai/ros2_ws/src/cartpole_interfaces/install/cartpole_interfaces/lib/libcartpole_interfaces__rosidl_typesupport_cpp.so" to ""
-- Installing: /home/kai/ros2_ws/src/cartpole_interfaces/install/cartpole_interfaces/share/cartpole_interfaces/environment/pythonpath.sh
-- Installing: /home/kai/ros2_ws/src/cartpole_interfaces/install/cartpole_interfaces/share/cartpole_interfaces/environment/pythonpath.dsv
-- Installing: /home/kai/ros2_ws/src/cartpole_interfaces/install/cartpole_interfaces/lib/python3.12/site-packages/cartpole_interfaces-0.0.0-py3.12.egg-info
-- Installing: /home/kai/ros2_ws/src/cartpole_interfaces/install/cartpole_interfaces/lib/python3.12/site-packages/cartpole_interfaces-0.0.0-py3.12.egg-info/SOURCES.txt
-- Installing: /home/kai/ros2_ws/src/cartpole_interfaces/install/cartpole_interfaces/lib/python3.12/site-packages/cartpole_interfaces-0.0.0-py3.12.egg-info/top_level.txt
-- Installing: /home/kai/ros2_ws/src/cartpole_interfaces/install/cartpole_interfaces/lib/python3.12/site-packages/cartpole_interfaces-0.0.0-py3.12.egg-info/PKG-INFO
-- Installing: /home/kai/ros2_ws/src/cartpole_interfaces/install/cartpole_interfaces/lib/python3.12/site-packages/cartpole_interfaces-0.0.0-py3.12.egg-info/dependency_links.txt
-- Installing: /home/kai/ros2_ws/src/cartpole_interfaces/install/cartpole_interfaces/lib/python3.12/site-packages/cartpole_interfaces
-- Installing: /home/kai/ros2_ws/src/cartpole_interfaces/install/cartpole_interfaces/lib/python3.12/site-packages/cartpole_interfaces/msg
-- Installing: /home/kai/ros2_ws/src/cartpole_interfaces/install/cartpole_interfaces/lib/python3.12/site-packages/cartpole_interfaces/msg/_imu_reading_s.c
-- Installing: /home/kai/ros2_ws/src/cartpole_interfaces/install/cartpole_interfaces/lib/python3.12/site-packages/cartpole_interfaces/msg/_torque_command.py
-- Installing: /home/kai/ros2_ws/src/cartpole_interfaces/install/cartpole_interfaces/lib/python3.12/site-packages/cartpole_interfaces/msg/_imu_reading.py
-- Installing: /home/kai/ros2_ws/src/cartpole_interfaces/install/cartpole_interfaces/lib/python3.12/site-packages/cartpole_interfaces/msg/_position_reading.py
-- Installing: /home/kai/ros2_ws/src/cartpole_interfaces/install/cartpole_interfaces/lib/python3.12/site-packages/cartpole_interfaces/msg/__init__.py
-- Installing: /home/kai/ros2_ws/src/cartpole_interfaces/install/cartpole_interfaces/lib/python3.12/site-packages/cartpole_interfaces/msg/_position_reading_s.c
-- Installing: /home/kai/ros2_ws/src/cartpole_interfaces/install/cartpole_interfaces/lib/python3.12/site-packages/cartpole_interfaces/msg/_torque_command_s.c
-- Installing: /home/kai/ros2_ws/src/cartpole_interfaces/install/cartpole_interfaces/lib/python3.12/site-packages/cartpole_interfaces/_cartpole_interfaces_s.ep.rosidl_typesupport_fastrtps_c.c
-- Installing: /home/kai/ros2_ws/src/cartpole_interfaces/install/cartpole_interfaces/lib/python3.12/site-packages/cartpole_interfaces/cartpole_interfaces_s__rosidl_typesupport_c.so
-- Installing: /home/kai/ros2_ws/src/cartpole_interfaces/install/cartpole_interfaces/lib/python3.12/site-packages/cartpole_interfaces/_cartpole_interfaces_s.ep.rosidl_typesupport_c.c
-- Installing: /home/kai/ros2_ws/src/cartpole_interfaces/install/cartpole_interfaces/lib/python3.12/site-packages/cartpole_interfaces/__init__.py
-- Installing: /home/kai/ros2_ws/src/cartpole_interfaces/install/cartpole_interfaces/lib/python3.12/site-packages/cartpole_interfaces/_cartpole_interfaces_s.ep.rosidl_typesupport_introspection_c.c
-- Installing: /home/kai/ros2_ws/src/cartpole_interfaces/install/cartpole_interfaces/lib/python3.12/site-packages/cartpole_interfaces/cartpole_interfaces_s__rosidl_typesupport_fastrtps_c.so
-- Installing: /home/kai/ros2_ws/src/cartpole_interfaces/install/cartpole_interfaces/lib/python3.12/site-packages/cartpole_interfaces/cartpole_interfaces_s__rosidl_typesupport_introspection_c.so
Listing '/home/kai/ros2_ws/src/cartpole_interfaces/install/cartpole_interfaces/lib/python3.12/site-packages/cartpole_interfaces'...
Compiling '/home/kai/ros2_ws/src/cartpole_interfaces/install/cartpole_interfaces/lib/python3.12/site-packages/cartpole_interfaces/__init__.py'...
Listing '/home/kai/ros2_ws/src/cartpole_interfaces/install/cartpole_interfaces/lib/python3.12/site-packages/cartpole_interfaces/msg'...
Compiling '/home/kai/ros2_ws/src/cartpole_interfaces/install/cartpole_interfaces/lib/python3.12/site-packages/cartpole_interfaces/msg/__init__.py'...
Compiling '/home/kai/ros2_ws/src/cartpole_interfaces/install/cartpole_interfaces/lib/python3.12/site-packages/cartpole_interfaces/msg/_imu_reading.py'...
Compiling '/home/kai/ros2_ws/src/cartpole_interfaces/install/cartpole_interfaces/lib/python3.12/site-packages/cartpole_interfaces/msg/_position_reading.py'...
Compiling '/home/kai/ros2_ws/src/cartpole_interfaces/install/cartpole_interfaces/lib/python3.12/site-packages/cartpole_interfaces/msg/_torque_command.py'...
-- Installing: /home/kai/ros2_ws/src/cartpole_interfaces/install/cartpole_interfaces/lib/python3.12/site-packages/cartpole_interfaces/cartpole_interfaces_s__rosidl_typesupport_fastrtps_c.so
-- Set non-toolchain portion of runtime path of "/home/kai/ros2_ws/src/cartpole_interfaces/install/cartpole_interfaces/lib/python3.12/site-packages/cartpole_interfaces/cartpole_interfaces_s__rosidl_typesupport_fastrtps_c.so" to ""
-- Installing: /home/kai/ros2_ws/src/cartpole_interfaces/install/cartpole_interfaces/lib/python3.12/site-packages/cartpole_interfaces/cartpole_interfaces_s__rosidl_typesupport_introspection_c.so
-- Set non-toolchain portion of runtime path of "/home/kai/ros2_ws/src/cartpole_interfaces/install/cartpole_interfaces/lib/python3.12/site-packages/cartpole_interfaces/cartpole_interfaces_s__rosidl_typesupport_introspection_c.so" to ""
-- Installing: /home/kai/ros2_ws/src/cartpole_interfaces/install/cartpole_interfaces/lib/python3.12/site-packages/cartpole_interfaces/cartpole_interfaces_s__rosidl_typesupport_c.so
-- Set non-toolchain portion of runtime path of "/home/kai/ros2_ws/src/cartpole_interfaces/install/cartpole_interfaces/lib/python3.12/site-packages/cartpole_interfaces/cartpole_interfaces_s__rosidl_typesupport_c.so" to ""
-- Installing: /home/kai/ros2_ws/src/cartpole_interfaces/install/cartpole_interfaces/lib/libcartpole_interfaces__rosidl_generator_py.so
-- Set non-toolchain portion of runtime path of "/home/kai/ros2_ws/src/cartpole_interfaces/install/cartpole_interfaces/lib/libcartpole_interfaces__rosidl_generator_py.so" to ""
-- Installing: /home/kai/ros2_ws/src/cartpole_interfaces/install/cartpole_interfaces/share/cartpole_interfaces/msg/ImuReading.idl
-- Installing: /home/kai/ros2_ws/src/cartpole_interfaces/install/cartpole_interfaces/share/cartpole_interfaces/msg/PositionReading.idl
-- Installing: /home/kai/ros2_ws/src/cartpole_interfaces/install/cartpole_interfaces/share/cartpole_interfaces/msg/TorqueCommand.idl
-- Installing: /home/kai/ros2_ws/src/cartpole_interfaces/install/cartpole_interfaces/share/cartpole_interfaces/msg/ImuReading.msg
-- Installing: /home/kai/ros2_ws/src/cartpole_interfaces/install/cartpole_interfaces/share/cartpole_interfaces/msg/PositionReading.msg
-- Installing: /home/kai/ros2_ws/src/cartpole_interfaces/install/cartpole_interfaces/share/cartpole_interfaces/msg/TorqueCommand.msg
-- Installing: /home/kai/ros2_ws/src/cartpole_interfaces/install/cartpole_interfaces/share/ament_index/resource_index/package_run_dependencies/cartpole_interfaces
-- Installing: /home/kai/ros2_ws/src/cartpole_interfaces/install/cartpole_interfaces/share/ament_index/resource_index/parent_prefix_path/cartpole_interfaces
-- Installing: /home/kai/ros2_ws/src/cartpole_interfaces/install/cartpole_interfaces/share/cartpole_interfaces/environment/ament_prefix_path.sh
-- Installing: /home/kai/ros2_ws/src/cartpole_interfaces/install/cartpole_interfaces/share/cartpole_interfaces/environment/ament_prefix_path.dsv
-- Installing: /home/kai/ros2_ws/src/cartpole_interfaces/install/cartpole_interfaces/share/cartpole_interfaces/environment/path.sh
-- Installing: /home/kai/ros2_ws/src/cartpole_interfaces/install/cartpole_interfaces/share/cartpole_interfaces/environment/path.dsv
-- Installing: /home/kai/ros2_ws/src/cartpole_interfaces/install/cartpole_interfaces/share/cartpole_interfaces/local_setup.bash
-- Installing: /home/kai/ros2_ws/src/cartpole_interfaces/install/cartpole_interfaces/share/cartpole_interfaces/local_setup.sh
-- Installing: /home/kai/ros2_ws/src/cartpole_interfaces/install/cartpole_interfaces/share/cartpole_interfaces/local_setup.zsh
-- Installing: /home/kai/ros2_ws/src/cartpole_interfaces/install/cartpole_interfaces/share/cartpole_interfaces/local_setup.dsv
-- Installing: /home/kai/ros2_ws/src/cartpole_interfaces/install/cartpole_interfaces/share/cartpole_interfaces/package.dsv
-- Installing: /home/kai/ros2_ws/src/cartpole_interfaces/install/cartpole_interfaces/share/ament_index/resource_index/packages/cartpole_interfaces
-- Installing: /home/kai/ros2_ws/src/cartpole_interfaces/install/cartpole_interfaces/share/cartpole_interfaces/cmake/export_cartpole_interfaces__rosidl_generator_cExport.cmake
-- Installing: /home/kai/ros2_ws/src/cartpole_interfaces/install/cartpole_interfaces/share/cartpole_interfaces/cmake/export_cartpole_interfaces__rosidl_generator_cExport-noconfig.cmake
-- Installing: /home/kai/ros2_ws/src/cartpole_interfaces/install/cartpole_interfaces/share/cartpole_interfaces/cmake/export_cartpole_interfaces__rosidl_typesupport_fastrtps_cExport.cmake
-- Installing: /home/kai/ros2_ws/src/cartpole_interfaces/install/cartpole_interfaces/share/cartpole_interfaces/cmake/export_cartpole_interfaces__rosidl_typesupport_fastrtps_cExport-noconfig.cmake
-- Installing: /home/kai/ros2_ws/src/cartpole_interfaces/install/cartpole_interfaces/share/cartpole_interfaces/cmake/export_cartpole_interfaces__rosidl_generator_cppExport.cmake
-- Installing: /home/kai/ros2_ws/src/cartpole_interfaces/install/cartpole_interfaces/share/cartpole_interfaces/cmake/export_cartpole_interfaces__rosidl_typesupport_fastrtps_cppExport.cmake
-- Installing: /home/kai/ros2_ws/src/cartpole_interfaces/install/cartpole_interfaces/share/cartpole_interfaces/cmake/export_cartpole_interfaces__rosidl_typesupport_fastrtps_cppExport-noconfig.cmake
-- Installing: /home/kai/ros2_ws/src/cartpole_interfaces/install/cartpole_interfaces/share/cartpole_interfaces/cmake/cartpole_interfaces__rosidl_typesupport_introspection_cExport.cmake
-- Installing: /home/kai/ros2_ws/src/cartpole_interfaces/install/cartpole_interfaces/share/cartpole_interfaces/cmake/cartpole_interfaces__rosidl_typesupport_introspection_cExport-noconfig.cmake
-- Installing: /home/kai/ros2_ws/src/cartpole_interfaces/install/cartpole_interfaces/share/cartpole_interfaces/cmake/cartpole_interfaces__rosidl_typesupport_cExport.cmake
-- Installing: /home/kai/ros2_ws/src/cartpole_interfaces/install/cartpole_interfaces/share/cartpole_interfaces/cmake/cartpole_interfaces__rosidl_typesupport_cExport-noconfig.cmake
-- Installing: /home/kai/ros2_ws/src/cartpole_interfaces/install/cartpole_interfaces/share/cartpole_interfaces/cmake/cartpole_interfaces__rosidl_typesupport_introspection_cppExport.cmake
-- Installing: /home/kai/ros2_ws/src/cartpole_interfaces/install/cartpole_interfaces/share/cartpole_interfaces/cmake/cartpole_interfaces__rosidl_typesupport_introspection_cppExport-noconfig.cmake
-- Installing: /home/kai/ros2_ws/src/cartpole_interfaces/install/cartpole_interfaces/share/cartpole_interfaces/cmake/cartpole_interfaces__rosidl_typesupport_cppExport.cmake
-- Installing: /home/kai/ros2_ws/src/cartpole_interfaces/install/cartpole_interfaces/share/cartpole_interfaces/cmake/cartpole_interfaces__rosidl_typesupport_cppExport-noconfig.cmake
-- Installing: /home/kai/ros2_ws/src/cartpole_interfaces/install/cartpole_interfaces/share/cartpole_interfaces/cmake/export_cartpole_interfaces__rosidl_generator_pyExport.cmake
-- Installing: /home/kai/ros2_ws/src/cartpole_interfaces/install/cartpole_interfaces/share/cartpole_interfaces/cmake/export_cartpole_interfaces__rosidl_generator_pyExport-noconfig.cmake
-- Installing: /home/kai/ros2_ws/src/cartpole_interfaces/install/cartpole_interfaces/share/cartpole_interfaces/cmake/rosidl_cmake-extras.cmake
-- Installing: /home/kai/ros2_ws/src/cartpole_interfaces/install/cartpole_interfaces/share/cartpole_interfaces/cmake/ament_cmake_export_include_directories-extras.cmake
-- Installing: /home/kai/ros2_ws/src/cartpole_interfaces/install/cartpole_interfaces/share/cartpole_interfaces/cmake/ament_cmake_export_libraries-extras.cmake
-- Installing: /home/kai/ros2_ws/src/cartpole_interfaces/install/cartpole_interfaces/share/cartpole_interfaces/cmake/ament_cmake_export_targets-extras.cmake
-- Installing: /home/kai/ros2_ws/src/cartpole_interfaces/install/cartpole_interfaces/share/cartpole_interfaces/cmake/rosidl_cmake_export_typesupport_targets-extras.cmake
-- Installing: /home/kai/ros2_ws/src/cartpole_interfaces/install/cartpole_interfaces/share/cartpole_interfaces/cmake/ament_cmake_export_dependencies-extras.cmake
-- Installing: /home/kai/ros2_ws/src/cartpole_interfaces/install/cartpole_interfaces/share/cartpole_interfaces/cmake/rosidl_cmake_export_typesupport_libraries-extras.cmake
-- Installing: /home/kai/ros2_ws/src/cartpole_interfaces/install/cartpole_interfaces/share/cartpole_interfaces/cmake/cartpole_interfacesConfig.cmake
-- Installing: /home/kai/ros2_ws/src/cartpole_interfaces/install/cartpole_interfaces/share/cartpole_interfaces/cmake/cartpole_interfacesConfig-version.cmake
-- Installing: /home/kai/ros2_ws/src/cartpole_interfaces/install/cartpole_interfaces/share/cartpole_interfaces/package.xml
