[0.021s] Invoking command in '/home/kai/ros2_ws/src/cartpole_interfaces/build/cartpole_interfaces': CMAKE_PREFIX_PATH=/opt/ros/jazzy /usr/bin/cmake /home/kai/ros2_ws/src/cartpole_interfaces -DCMAKE_INSTALL_PREFIX=/home/kai/ros2_ws/src/cartpole_interfaces/install/cartpole_interfaces
[0.253s] -- Found ament_cmake: 2.5.3 (/opt/ros/jazzy/share/ament_cmake/cmake)
[0.620s] -- Found std_msgs: 5.3.6 (/opt/ros/jazzy/share/std_msgs/cmake)
[0.674s] -- Found rosidl_generator_c: 4.6.5 (/opt/ros/jazzy/share/rosidl_generator_c/cmake)
[0.693s] -- Found rosidl_generator_cpp: 4.6.5 (/opt/ros/jazzy/share/rosidl_generator_cpp/cmake)
[0.720s] -- Using all available rosidl_typesupport_c: rosidl_typesupport_fastrtps_c;rosidl_typesupport_introspection_c
[0.748s] -- Using all available rosidl_typesupport_cpp: rosidl_typesupport_fastrtps_cpp;rosidl_typesupport_introspection_cpp
[0.804s] -- Found rosidl_default_generators: 1.6.0 (/opt/ros/jazzy/share/rosidl_default_generators/cmake)
[0.822s] -- Found rosidl_adapter: 4.6.5 (/opt/ros/jazzy/share/rosidl_adapter/cmake)
[1.714s] -- Found ament_cmake_ros: 0.12.0 (/opt/ros/jazzy/share/ament_cmake_ros/cmake)
[2.761s] -- Using all available rosidl_typesupport_c: rosidl_typesupport_fastrtps_c;rosidl_typesupport_introspection_c
[3.167s] -- Using all available rosidl_typesupport_cpp: rosidl_typesupport_fastrtps_cpp;rosidl_typesupport_introspection_cpp
[3.171s] -- Found python_cmake_module: 0.11.1 (/opt/ros/jazzy/share/python_cmake_module/cmake)
[3.374s] -- Found PythonExtra: /usr/bin/python3  
[4.258s] -- Found Python3: /usr/bin/python3 (found version "3.12.3") found components: Interpreter Development NumPy Development.Module Development.Embed 
[4.311s] -- Found ament_lint_auto: 0.17.2 (/opt/ros/jazzy/share/ament_lint_auto/cmake)
[4.367s] -- Added test 'cppcheck' to perform static code analysis on C / C++ code
[4.368s] -- Configured cppcheck include dirs: $<BUILD_INTERFACE:/home/kai/ros2_ws/src/cartpole_interfaces/build/cartpole_interfaces/rosidl_generator_c>;$<BUILD_INTERFACE:/home/kai/ros2_ws/src/cartpole_interfaces/build/cartpole_interfaces/rosidl_typesupport_fastrtps_c>;$<BUILD_INTERFACE:/home/kai/ros2_ws/src/cartpole_interfaces/build/cartpole_interfaces/rosidl_generator_cpp>;$<BUILD_INTERFACE:/home/kai/ros2_ws/src/cartpole_interfaces/build/cartpole_interfaces/rosidl_typesupport_fastrtps_cpp>;$<BUILD_INTERFACE:/home/kai/ros2_ws/src/cartpole_interfaces/build/cartpole_interfaces/rosidl_typesupport_introspection_c>;$<BUILD_INTERFACE:/home/kai/ros2_ws/src/cartpole_interfaces/build/cartpole_interfaces/rosidl_typesupport_introspection_cpp>;/home/kai/ros2_ws/src/cartpole_interfaces/build/cartpole_interfaces/rosidl_generator_c;/home/kai/ros2_ws/src/cartpole_interfaces/build/cartpole_interfaces/rosidl_generator_py
[4.368s] -- Configured cppcheck exclude dirs and/or files: 
[4.371s] -- Added test 'flake8' to check Python code syntax and style conventions
[4.371s] -- Configured 'flake8' exclude dirs and/or files: 
[4.375s] -- Added test 'lint_cmake' to check CMake code style
[4.378s] -- Added test 'pep257' to check Python code against some of the docstring style conventions in PEP 257
[4.392s] -- Added test 'uncrustify' to check C / C++ code style
[4.392s] -- Configured uncrustify additional arguments: 
[4.395s] -- Added test 'xmllint' to check XML markup files
[4.399s] -- Configuring done (4.2s)
[4.478s] -- Generating done (0.1s)
[4.494s] -- Build files have been written to: /home/kai/ros2_ws/src/cartpole_interfaces/build/cartpole_interfaces
[4.520s] Invoked command in '/home/kai/ros2_ws/src/cartpole_interfaces/build/cartpole_interfaces' returned '0': CMAKE_PREFIX_PATH=/opt/ros/jazzy /usr/bin/cmake /home/kai/ros2_ws/src/cartpole_interfaces -DCMAKE_INSTALL_PREFIX=/home/kai/ros2_ws/src/cartpole_interfaces/install/cartpole_interfaces
[4.522s] Invoking command in '/home/kai/ros2_ws/src/cartpole_interfaces/build/cartpole_interfaces': CMAKE_PREFIX_PATH=/opt/ros/jazzy /usr/bin/cmake --build /home/kai/ros2_ws/src/cartpole_interfaces/build/cartpole_interfaces -- -j4 -l4
[4.610s] [  1%] [34m[1mGenerating type hashes for ROS interfaces[0m
[4.626s] [  1%] Built target ament_cmake_python_copy_cartpole_interfaces
[4.909s] running egg_info
[4.910s] creating cartpole_interfaces.egg-info
[4.933s] writing cartpole_interfaces.egg-info/PKG-INFO
[4.933s] writing dependency_links to cartpole_interfaces.egg-info/dependency_links.txt
[4.933s] writing top-level names to cartpole_interfaces.egg-info/top_level.txt
[4.933s] writing manifest file 'cartpole_interfaces.egg-info/SOURCES.txt'
[4.984s] [  1%] Built target cartpole_interfaces__rosidl_generator_type_description
[5.003s] [  3%] [34m[1mGenerating C code for ROS interfaces[0m
[5.006s] reading manifest file 'cartpole_interfaces.egg-info/SOURCES.txt'
[5.010s] writing manifest file 'cartpole_interfaces.egg-info/SOURCES.txt'
[5.023s] [  5%] [34m[1mGenerating C++ code for ROS interfaces[0m
[5.099s] [  5%] Built target ament_cmake_python_build_cartpole_interfaces_egg
[5.589s] [  5%] Built target cartpole_interfaces__cpp
[5.668s] [ 11%] [32mBuilding C object CMakeFiles/cartpole_interfaces__rosidl_generator_c.dir/rosidl_generator_c/cartpole_interfaces/msg/detail/position_reading__description.c.o[0m
[5.668s] [ 11%] [32mBuilding C object CMakeFiles/cartpole_interfaces__rosidl_generator_c.dir/rosidl_generator_c/cartpole_interfaces/msg/detail/imu_reading__description.c.o[0m
[5.668s] [ 11%] [32mBuilding C object CMakeFiles/cartpole_interfaces__rosidl_generator_c.dir/rosidl_generator_c/cartpole_interfaces/msg/detail/imu_reading__functions.c.o[0m
[5.668s] [ 12%] [32mBuilding C object CMakeFiles/cartpole_interfaces__rosidl_generator_c.dir/rosidl_generator_c/cartpole_interfaces/msg/detail/imu_reading__type_support.c.o[0m
[6.013s] [ 14%] [32mBuilding C object CMakeFiles/cartpole_interfaces__rosidl_generator_c.dir/rosidl_generator_c/cartpole_interfaces/msg/detail/position_reading__functions.c.o[0m
[6.096s] [ 18%] [32mBuilding C object CMakeFiles/cartpole_interfaces__rosidl_generator_c.dir/rosidl_generator_c/cartpole_interfaces/msg/detail/torque_command__description.c.o[0m
[6.097s] [ 18%] [32mBuilding C object CMakeFiles/cartpole_interfaces__rosidl_generator_c.dir/rosidl_generator_c/cartpole_interfaces/msg/detail/position_reading__type_support.c.o[0m
[6.144s] [ 22%] [32mBuilding C object CMakeFiles/cartpole_interfaces__rosidl_generator_c.dir/rosidl_generator_c/cartpole_interfaces/msg/detail/torque_command__type_support.c.o[0m
[6.146s] [ 22%] [32mBuilding C object CMakeFiles/cartpole_interfaces__rosidl_generator_c.dir/rosidl_generator_c/cartpole_interfaces/msg/detail/torque_command__functions.c.o[0m
[6.224s] [ 24%] [32m[1mLinking C shared library libcartpole_interfaces__rosidl_generator_c.so[0m
[6.336s] [ 24%] Built target cartpole_interfaces__rosidl_generator_c
[6.358s] [ 31%] [34m[1mGenerating C type support for eProsima Fast-RTPS[0m
[6.358s] [ 31%] [34m[1mGenerating C introspection for ROS interfaces[0m
[6.358s] [ 31%] [34m[1mGenerating C++ type support for eProsima Fast-RTPS[0m
[6.358s] [ 31%] [34m[1mGenerating C type support dispatch for ROS interfaces[0m
[6.861s] [ 33%] [32mBuilding CXX object CMakeFiles/cartpole_interfaces__rosidl_typesupport_c.dir/rosidl_typesupport_c/cartpole_interfaces/msg/imu_reading__type_support.cpp.o[0m
[6.954s] [ 35%] [32mBuilding C object CMakeFiles/cartpole_interfaces__rosidl_typesupport_introspection_c.dir/rosidl_typesupport_introspection_c/cartpole_interfaces/msg/detail/imu_reading__type_support.c.o[0m
[7.018s] [ 37%] [32mBuilding CXX object CMakeFiles/cartpole_interfaces__rosidl_typesupport_fastrtps_cpp.dir/rosidl_typesupport_fastrtps_cpp/cartpole_interfaces/msg/detail/dds_fastrtps/imu_reading__type_support.cpp.o[0m
[7.033s] [ 38%] [32mBuilding CXX object CMakeFiles/cartpole_interfaces__rosidl_typesupport_fastrtps_c.dir/rosidl_typesupport_fastrtps_c/cartpole_interfaces/msg/detail/imu_reading__type_support_c.cpp.o[0m
[7.037s] [ 40%] [32mBuilding C object CMakeFiles/cartpole_interfaces__rosidl_typesupport_introspection_c.dir/rosidl_typesupport_introspection_c/cartpole_interfaces/msg/detail/position_reading__type_support.c.o[0m
[7.102s] [ 42%] [32mBuilding C object CMakeFiles/cartpole_interfaces__rosidl_typesupport_introspection_c.dir/rosidl_typesupport_introspection_c/cartpole_interfaces/msg/detail/torque_command__type_support.c.o[0m
[7.165s] [ 44%] [32m[1mLinking C shared library libcartpole_interfaces__rosidl_typesupport_introspection_c.so[0m
[7.222s] [ 44%] Built target cartpole_interfaces__rosidl_typesupport_introspection_c
[7.239s] [ 46%] [34m[1mGenerating C++ introspection for ROS interfaces[0m
[7.301s] [ 48%] [32mBuilding CXX object CMakeFiles/cartpole_interfaces__rosidl_typesupport_c.dir/rosidl_typesupport_c/cartpole_interfaces/msg/position_reading__type_support.cpp.o[0m
[7.388s] [ 50%] [32mBuilding CXX object CMakeFiles/cartpole_interfaces__rosidl_typesupport_c.dir/rosidl_typesupport_c/cartpole_interfaces/msg/torque_command__type_support.cpp.o[0m
[7.468s] [ 51%] [32m[1mLinking CXX shared library libcartpole_interfaces__rosidl_typesupport_c.so[0m
[7.556s] [ 51%] Built target cartpole_interfaces__rosidl_typesupport_c
[7.575s] [ 53%] [34m[1mGenerating C++ type support dispatch for ROS interfaces[0m
[7.893s] [ 55%] [32mBuilding CXX object CMakeFiles/cartpole_interfaces__rosidl_typesupport_introspection_cpp.dir/rosidl_typesupport_introspection_cpp/cartpole_interfaces/msg/detail/imu_reading__type_support.cpp.o[0m
[8.141s] [ 57%] [32mBuilding CXX object CMakeFiles/cartpole_interfaces__rosidl_typesupport_cpp.dir/rosidl_typesupport_cpp/cartpole_interfaces/msg/imu_reading__type_support.cpp.o[0m
[8.222s] [ 61%] [32mBuilding CXX object CMakeFiles/cartpole_interfaces__rosidl_typesupport_fastrtps_c.dir/rosidl_typesupport_fastrtps_c/cartpole_interfaces/msg/detail/position_reading__type_support_c.cpp.o[0m
[8.223s] [ 61%] [32mBuilding CXX object CMakeFiles/cartpole_interfaces__rosidl_typesupport_fastrtps_cpp.dir/rosidl_typesupport_fastrtps_cpp/cartpole_interfaces/msg/detail/dds_fastrtps/position_reading__type_support.cpp.o[0m
[8.541s] [ 62%] [32mBuilding CXX object CMakeFiles/cartpole_interfaces__rosidl_typesupport_introspection_cpp.dir/rosidl_typesupport_introspection_cpp/cartpole_interfaces/msg/detail/position_reading__type_support.cpp.o[0m
[8.770s] [ 64%] [32mBuilding CXX object CMakeFiles/cartpole_interfaces__rosidl_typesupport_cpp.dir/rosidl_typesupport_cpp/cartpole_interfaces/msg/position_reading__type_support.cpp.o[0m
[9.130s] [ 66%] [32mBuilding CXX object CMakeFiles/cartpole_interfaces__rosidl_typesupport_fastrtps_c.dir/rosidl_typesupport_fastrtps_c/cartpole_interfaces/msg/detail/torque_command__type_support_c.cpp.o[0m
[9.170s] [ 68%] [32mBuilding CXX object CMakeFiles/cartpole_interfaces__rosidl_typesupport_introspection_cpp.dir/rosidl_typesupport_introspection_cpp/cartpole_interfaces/msg/detail/torque_command__type_support.cpp.o[0m
[9.182s] [ 70%] [32mBuilding CXX object CMakeFiles/cartpole_interfaces__rosidl_typesupport_fastrtps_cpp.dir/rosidl_typesupport_fastrtps_cpp/cartpole_interfaces/msg/detail/dds_fastrtps/torque_command__type_support.cpp.o[0m
[9.399s] [ 72%] [32mBuilding CXX object CMakeFiles/cartpole_interfaces__rosidl_typesupport_cpp.dir/rosidl_typesupport_cpp/cartpole_interfaces/msg/torque_command__type_support.cpp.o[0m
[9.813s] [ 74%] [32m[1mLinking CXX shared library libcartpole_interfaces__rosidl_typesupport_introspection_cpp.so[0m
[9.905s] [ 74%] Built target cartpole_interfaces__rosidl_typesupport_introspection_cpp
[10.017s] [ 75%] [32m[1mLinking CXX shared library libcartpole_interfaces__rosidl_typesupport_cpp.so[0m
[10.033s] [ 77%] [32m[1mLinking CXX shared library libcartpole_interfaces__rosidl_typesupport_fastrtps_c.so[0m
[10.095s] [ 77%] Built target cartpole_interfaces__rosidl_typesupport_cpp
[10.128s] [ 79%] [32m[1mLinking CXX shared library libcartpole_interfaces__rosidl_typesupport_fastrtps_cpp.so[0m
[10.134s] [ 79%] Built target cartpole_interfaces__rosidl_typesupport_fastrtps_c
[10.207s] [ 79%] Built target cartpole_interfaces__rosidl_typesupport_fastrtps_cpp
[10.241s] [ 79%] Built target cartpole_interfaces
[10.273s] [ 81%] [34m[1mGenerating Python code for ROS interfaces[0m
[10.873s] [ 81%] Built target cartpole_interfaces__py
[10.908s] [ 87%] [32mBuilding C object CMakeFiles/cartpole_interfaces__rosidl_generator_py.dir/rosidl_generator_py/cartpole_interfaces/msg/_position_reading_s.c.o[0m
[10.909s] [ 87%] [32mBuilding C object CMakeFiles/cartpole_interfaces__rosidl_generator_py.dir/rosidl_generator_py/cartpole_interfaces/msg/_imu_reading_s.c.o[0m
[10.909s] [ 87%] [32mBuilding C object CMakeFiles/cartpole_interfaces__rosidl_generator_py.dir/rosidl_generator_py/cartpole_interfaces/msg/_torque_command_s.c.o[0m
[11.179s] [ 88%] [32m[1mLinking C shared library libcartpole_interfaces__rosidl_generator_py.so[0m
[11.251s] [ 88%] Built target cartpole_interfaces__rosidl_generator_py
[11.287s] [ 92%] [32mBuilding C object CMakeFiles/cartpole_interfaces_s__rosidl_typesupport_c.dir/rosidl_generator_py/cartpole_interfaces/_cartpole_interfaces_s.ep.rosidl_typesupport_c.c.o[0m
[11.287s] [ 92%] [32mBuilding C object CMakeFiles/cartpole_interfaces_s__rosidl_typesupport_introspection_c.dir/rosidl_generator_py/cartpole_interfaces/_cartpole_interfaces_s.ep.rosidl_typesupport_introspection_c.c.o[0m
[11.288s] [ 94%] [32mBuilding C object CMakeFiles/cartpole_interfaces_s__rosidl_typesupport_fastrtps_c.dir/rosidl_generator_py/cartpole_interfaces/_cartpole_interfaces_s.ep.rosidl_typesupport_fastrtps_c.c.o[0m
[11.471s] [ 98%] [32m[1mLinking C shared module rosidl_generator_py/cartpole_interfaces/cartpole_interfaces_s__rosidl_typesupport_c.so[0m
[11.471s] [ 98%] [32m[1mLinking C shared module rosidl_generator_py/cartpole_interfaces/cartpole_interfaces_s__rosidl_typesupport_introspection_c.so[0m
[11.483s] [100%] [32m[1mLinking C shared module rosidl_generator_py/cartpole_interfaces/cartpole_interfaces_s__rosidl_typesupport_fastrtps_c.so[0m
[11.526s] [100%] Built target cartpole_interfaces_s__rosidl_typesupport_introspection_c
[11.528s] [100%] Built target cartpole_interfaces_s__rosidl_typesupport_c
[11.541s] [100%] Built target cartpole_interfaces_s__rosidl_typesupport_fastrtps_c
[11.561s] Invoked command in '/home/kai/ros2_ws/src/cartpole_interfaces/build/cartpole_interfaces' returned '0': CMAKE_PREFIX_PATH=/opt/ros/jazzy /usr/bin/cmake --build /home/kai/ros2_ws/src/cartpole_interfaces/build/cartpole_interfaces -- -j4 -l4
[11.578s] Invoking command in '/home/kai/ros2_ws/src/cartpole_interfaces/build/cartpole_interfaces': CMAKE_PREFIX_PATH=/opt/ros/jazzy /usr/bin/cmake --install /home/kai/ros2_ws/src/cartpole_interfaces/build/cartpole_interfaces
[11.592s] -- Install configuration: ""
[11.592s] -- Installing: /home/kai/ros2_ws/src/cartpole_interfaces/install/cartpole_interfaces/share/ament_index/resource_index/rosidl_interfaces/cartpole_interfaces
[11.593s] -- Installing: /home/kai/ros2_ws/src/cartpole_interfaces/install/cartpole_interfaces/share/cartpole_interfaces/msg/ImuReading.json
[11.593s] -- Installing: /home/kai/ros2_ws/src/cartpole_interfaces/install/cartpole_interfaces/share/cartpole_interfaces/msg/PositionReading.json
[11.593s] -- Installing: /home/kai/ros2_ws/src/cartpole_interfaces/install/cartpole_interfaces/share/cartpole_interfaces/msg/TorqueCommand.json
[11.593s] -- Installing: /home/kai/ros2_ws/src/cartpole_interfaces/install/cartpole_interfaces/include/cartpole_interfaces/cartpole_interfaces
[11.594s] -- Installing: /home/kai/ros2_ws/src/cartpole_interfaces/install/cartpole_interfaces/include/cartpole_interfaces/cartpole_interfaces/msg
[11.594s] -- Installing: /home/kai/ros2_ws/src/cartpole_interfaces/install/cartpole_interfaces/include/cartpole_interfaces/cartpole_interfaces/msg/imu_reading.h
[11.594s] -- Installing: /home/kai/ros2_ws/src/cartpole_interfaces/install/cartpole_interfaces/include/cartpole_interfaces/cartpole_interfaces/msg/rosidl_generator_c__visibility_control.h
[11.594s] -- Installing: /home/kai/ros2_ws/src/cartpole_interfaces/install/cartpole_interfaces/include/cartpole_interfaces/cartpole_interfaces/msg/position_reading.h
[11.594s] -- Installing: /home/kai/ros2_ws/src/cartpole_interfaces/install/cartpole_interfaces/include/cartpole_interfaces/cartpole_interfaces/msg/torque_command.h
[11.594s] -- Installing: /home/kai/ros2_ws/src/cartpole_interfaces/install/cartpole_interfaces/include/cartpole_interfaces/cartpole_interfaces/msg/detail
[11.595s] -- Installing: /home/kai/ros2_ws/src/cartpole_interfaces/install/cartpole_interfaces/include/cartpole_interfaces/cartpole_interfaces/msg/detail/position_reading__struct.h
[11.595s] -- Installing: /home/kai/ros2_ws/src/cartpole_interfaces/install/cartpole_interfaces/include/cartpole_interfaces/cartpole_interfaces/msg/detail/position_reading__type_support.h
[11.595s] -- Installing: /home/kai/ros2_ws/src/cartpole_interfaces/install/cartpole_interfaces/include/cartpole_interfaces/cartpole_interfaces/msg/detail/torque_command__description.c
[11.595s] -- Installing: /home/kai/ros2_ws/src/cartpole_interfaces/install/cartpole_interfaces/include/cartpole_interfaces/cartpole_interfaces/msg/detail/torque_command__struct.h
[11.595s] -- Installing: /home/kai/ros2_ws/src/cartpole_interfaces/install/cartpole_interfaces/include/cartpole_interfaces/cartpole_interfaces/msg/detail/torque_command__functions.c
[11.595s] -- Installing: /home/kai/ros2_ws/src/cartpole_interfaces/install/cartpole_interfaces/include/cartpole_interfaces/cartpole_interfaces/msg/detail/position_reading__description.c
[11.595s] -- Installing: /home/kai/ros2_ws/src/cartpole_interfaces/install/cartpole_interfaces/include/cartpole_interfaces/cartpole_interfaces/msg/detail/imu_reading__functions.h
[11.595s] -- Installing: /home/kai/ros2_ws/src/cartpole_interfaces/install/cartpole_interfaces/include/cartpole_interfaces/cartpole_interfaces/msg/detail/torque_command__type_support.c
[11.596s] -- Installing: /home/kai/ros2_ws/src/cartpole_interfaces/install/cartpole_interfaces/include/cartpole_interfaces/cartpole_interfaces/msg/detail/imu_reading__description.c
[11.596s] -- Installing: /home/kai/ros2_ws/src/cartpole_interfaces/install/cartpole_interfaces/include/cartpole_interfaces/cartpole_interfaces/msg/detail/torque_command__functions.h
[11.596s] -- Installing: /home/kai/ros2_ws/src/cartpole_interfaces/install/cartpole_interfaces/include/cartpole_interfaces/cartpole_interfaces/msg/detail/position_reading__functions.c
[11.596s] -- Installing: /home/kai/ros2_ws/src/cartpole_interfaces/install/cartpole_interfaces/include/cartpole_interfaces/cartpole_interfaces/msg/detail/torque_command__type_support.h
[11.596s] -- Installing: /home/kai/ros2_ws/src/cartpole_interfaces/install/cartpole_interfaces/include/cartpole_interfaces/cartpole_interfaces/msg/detail/position_reading__type_support.c
[11.596s] -- Installing: /home/kai/ros2_ws/src/cartpole_interfaces/install/cartpole_interfaces/include/cartpole_interfaces/cartpole_interfaces/msg/detail/imu_reading__type_support.h
[11.596s] -- Installing: /home/kai/ros2_ws/src/cartpole_interfaces/install/cartpole_interfaces/include/cartpole_interfaces/cartpole_interfaces/msg/detail/imu_reading__type_support.c
[11.597s] -- Installing: /home/kai/ros2_ws/src/cartpole_interfaces/install/cartpole_interfaces/include/cartpole_interfaces/cartpole_interfaces/msg/detail/position_reading__functions.h
[11.597s] -- Installing: /home/kai/ros2_ws/src/cartpole_interfaces/install/cartpole_interfaces/include/cartpole_interfaces/cartpole_interfaces/msg/detail/imu_reading__struct.h
[11.597s] -- Installing: /home/kai/ros2_ws/src/cartpole_interfaces/install/cartpole_interfaces/include/cartpole_interfaces/cartpole_interfaces/msg/detail/imu_reading__functions.c
[11.597s] -- Installing: /home/kai/ros2_ws/src/cartpole_interfaces/install/cartpole_interfaces/share/cartpole_interfaces/environment/library_path.sh
[11.597s] -- Installing: /home/kai/ros2_ws/src/cartpole_interfaces/install/cartpole_interfaces/share/cartpole_interfaces/environment/library_path.dsv
[11.598s] -- Installing: /home/kai/ros2_ws/src/cartpole_interfaces/install/cartpole_interfaces/lib/libcartpole_interfaces__rosidl_generator_c.so
[11.598s] -- Set non-toolchain portion of runtime path of "/home/kai/ros2_ws/src/cartpole_interfaces/install/cartpole_interfaces/lib/libcartpole_interfaces__rosidl_generator_c.so" to ""
[11.598s] -- Up-to-date: /home/kai/ros2_ws/src/cartpole_interfaces/install/cartpole_interfaces/include/cartpole_interfaces/cartpole_interfaces
[11.598s] -- Up-to-date: /home/kai/ros2_ws/src/cartpole_interfaces/install/cartpole_interfaces/include/cartpole_interfaces/cartpole_interfaces/msg
[11.598s] -- Installing: /home/kai/ros2_ws/src/cartpole_interfaces/install/cartpole_interfaces/include/cartpole_interfaces/cartpole_interfaces/msg/rosidl_typesupport_fastrtps_c__visibility_control.h
[11.599s] -- Up-to-date: /home/kai/ros2_ws/src/cartpole_interfaces/install/cartpole_interfaces/include/cartpole_interfaces/cartpole_interfaces/msg/detail
[11.599s] -- Installing: /home/kai/ros2_ws/src/cartpole_interfaces/install/cartpole_interfaces/include/cartpole_interfaces/cartpole_interfaces/msg/detail/torque_command__rosidl_typesupport_fastrtps_c.h
[11.599s] -- Installing: /home/kai/ros2_ws/src/cartpole_interfaces/install/cartpole_interfaces/include/cartpole_interfaces/cartpole_interfaces/msg/detail/imu_reading__rosidl_typesupport_fastrtps_c.h
[11.599s] -- Installing: /home/kai/ros2_ws/src/cartpole_interfaces/install/cartpole_interfaces/include/cartpole_interfaces/cartpole_interfaces/msg/detail/position_reading__rosidl_typesupport_fastrtps_c.h
[11.599s] -- Installing: /home/kai/ros2_ws/src/cartpole_interfaces/install/cartpole_interfaces/lib/libcartpole_interfaces__rosidl_typesupport_fastrtps_c.so
[11.600s] -- Set non-toolchain portion of runtime path of "/home/kai/ros2_ws/src/cartpole_interfaces/install/cartpole_interfaces/lib/libcartpole_interfaces__rosidl_typesupport_fastrtps_c.so" to ""
[11.600s] -- Up-to-date: /home/kai/ros2_ws/src/cartpole_interfaces/install/cartpole_interfaces/include/cartpole_interfaces/cartpole_interfaces
[11.600s] -- Up-to-date: /home/kai/ros2_ws/src/cartpole_interfaces/install/cartpole_interfaces/include/cartpole_interfaces/cartpole_interfaces/msg
[11.600s] -- Installing: /home/kai/ros2_ws/src/cartpole_interfaces/install/cartpole_interfaces/include/cartpole_interfaces/cartpole_interfaces/msg/rosidl_generator_cpp__visibility_control.hpp
[11.600s] -- Installing: /home/kai/ros2_ws/src/cartpole_interfaces/install/cartpole_interfaces/include/cartpole_interfaces/cartpole_interfaces/msg/position_reading.hpp
[11.600s] -- Installing: /home/kai/ros2_ws/src/cartpole_interfaces/install/cartpole_interfaces/include/cartpole_interfaces/cartpole_interfaces/msg/torque_command.hpp
[11.600s] -- Installing: /home/kai/ros2_ws/src/cartpole_interfaces/install/cartpole_interfaces/include/cartpole_interfaces/cartpole_interfaces/msg/imu_reading.hpp
[11.601s] -- Up-to-date: /home/kai/ros2_ws/src/cartpole_interfaces/install/cartpole_interfaces/include/cartpole_interfaces/cartpole_interfaces/msg/detail
[11.601s] -- Installing: /home/kai/ros2_ws/src/cartpole_interfaces/install/cartpole_interfaces/include/cartpole_interfaces/cartpole_interfaces/msg/detail/position_reading__traits.hpp
[11.601s] -- Installing: /home/kai/ros2_ws/src/cartpole_interfaces/install/cartpole_interfaces/include/cartpole_interfaces/cartpole_interfaces/msg/detail/torque_command__traits.hpp
[11.601s] -- Installing: /home/kai/ros2_ws/src/cartpole_interfaces/install/cartpole_interfaces/include/cartpole_interfaces/cartpole_interfaces/msg/detail/position_reading__type_support.hpp
[11.601s] -- Installing: /home/kai/ros2_ws/src/cartpole_interfaces/install/cartpole_interfaces/include/cartpole_interfaces/cartpole_interfaces/msg/detail/position_reading__struct.hpp
[11.601s] -- Installing: /home/kai/ros2_ws/src/cartpole_interfaces/install/cartpole_interfaces/include/cartpole_interfaces/cartpole_interfaces/msg/detail/imu_reading__traits.hpp
[11.601s] -- Installing: /home/kai/ros2_ws/src/cartpole_interfaces/install/cartpole_interfaces/include/cartpole_interfaces/cartpole_interfaces/msg/detail/torque_command__struct.hpp
[11.601s] -- Installing: /home/kai/ros2_ws/src/cartpole_interfaces/install/cartpole_interfaces/include/cartpole_interfaces/cartpole_interfaces/msg/detail/position_reading__builder.hpp
[11.601s] -- Installing: /home/kai/ros2_ws/src/cartpole_interfaces/install/cartpole_interfaces/include/cartpole_interfaces/cartpole_interfaces/msg/detail/imu_reading__struct.hpp
[11.602s] -- Installing: /home/kai/ros2_ws/src/cartpole_interfaces/install/cartpole_interfaces/include/cartpole_interfaces/cartpole_interfaces/msg/detail/imu_reading__builder.hpp
[11.602s] -- Installing: /home/kai/ros2_ws/src/cartpole_interfaces/install/cartpole_interfaces/include/cartpole_interfaces/cartpole_interfaces/msg/detail/torque_command__type_support.hpp
[11.602s] -- Installing: /home/kai/ros2_ws/src/cartpole_interfaces/install/cartpole_interfaces/include/cartpole_interfaces/cartpole_interfaces/msg/detail/imu_reading__type_support.hpp
[11.602s] -- Installing: /home/kai/ros2_ws/src/cartpole_interfaces/install/cartpole_interfaces/include/cartpole_interfaces/cartpole_interfaces/msg/detail/torque_command__builder.hpp
[11.602s] -- Up-to-date: /home/kai/ros2_ws/src/cartpole_interfaces/install/cartpole_interfaces/include/cartpole_interfaces/cartpole_interfaces
[11.602s] -- Up-to-date: /home/kai/ros2_ws/src/cartpole_interfaces/install/cartpole_interfaces/include/cartpole_interfaces/cartpole_interfaces/msg
[11.602s] -- Installing: /home/kai/ros2_ws/src/cartpole_interfaces/install/cartpole_interfaces/include/cartpole_interfaces/cartpole_interfaces/msg/rosidl_typesupport_fastrtps_cpp__visibility_control.h
[11.603s] -- Up-to-date: /home/kai/ros2_ws/src/cartpole_interfaces/install/cartpole_interfaces/include/cartpole_interfaces/cartpole_interfaces/msg/detail
[11.603s] -- Installing: /home/kai/ros2_ws/src/cartpole_interfaces/install/cartpole_interfaces/include/cartpole_interfaces/cartpole_interfaces/msg/detail/position_reading__rosidl_typesupport_fastrtps_cpp.hpp
[11.603s] -- Installing: /home/kai/ros2_ws/src/cartpole_interfaces/install/cartpole_interfaces/include/cartpole_interfaces/cartpole_interfaces/msg/detail/imu_reading__rosidl_typesupport_fastrtps_cpp.hpp
[11.603s] -- Installing: /home/kai/ros2_ws/src/cartpole_interfaces/install/cartpole_interfaces/include/cartpole_interfaces/cartpole_interfaces/msg/detail/dds_fastrtps
[11.603s] -- Installing: /home/kai/ros2_ws/src/cartpole_interfaces/install/cartpole_interfaces/include/cartpole_interfaces/cartpole_interfaces/msg/detail/torque_command__rosidl_typesupport_fastrtps_cpp.hpp
[11.603s] -- Installing: /home/kai/ros2_ws/src/cartpole_interfaces/install/cartpole_interfaces/lib/libcartpole_interfaces__rosidl_typesupport_fastrtps_cpp.so
[11.604s] -- Set non-toolchain portion of runtime path of "/home/kai/ros2_ws/src/cartpole_interfaces/install/cartpole_interfaces/lib/libcartpole_interfaces__rosidl_typesupport_fastrtps_cpp.so" to ""
[11.604s] -- Up-to-date: /home/kai/ros2_ws/src/cartpole_interfaces/install/cartpole_interfaces/include/cartpole_interfaces/cartpole_interfaces
[11.604s] -- Up-to-date: /home/kai/ros2_ws/src/cartpole_interfaces/install/cartpole_interfaces/include/cartpole_interfaces/cartpole_interfaces/msg
[11.604s] -- Up-to-date: /home/kai/ros2_ws/src/cartpole_interfaces/install/cartpole_interfaces/include/cartpole_interfaces/cartpole_interfaces/msg/detail
[11.604s] -- Installing: /home/kai/ros2_ws/src/cartpole_interfaces/install/cartpole_interfaces/include/cartpole_interfaces/cartpole_interfaces/msg/detail/imu_reading__rosidl_typesupport_introspection_c.h
[11.604s] -- Installing: /home/kai/ros2_ws/src/cartpole_interfaces/install/cartpole_interfaces/include/cartpole_interfaces/cartpole_interfaces/msg/detail/torque_command__rosidl_typesupport_introspection_c.h
[11.604s] -- Installing: /home/kai/ros2_ws/src/cartpole_interfaces/install/cartpole_interfaces/include/cartpole_interfaces/cartpole_interfaces/msg/detail/torque_command__type_support.c
[11.604s] -- Installing: /home/kai/ros2_ws/src/cartpole_interfaces/install/cartpole_interfaces/include/cartpole_interfaces/cartpole_interfaces/msg/detail/position_reading__type_support.c
[11.604s] -- Installing: /home/kai/ros2_ws/src/cartpole_interfaces/install/cartpole_interfaces/include/cartpole_interfaces/cartpole_interfaces/msg/detail/position_reading__rosidl_typesupport_introspection_c.h
[11.605s] -- Installing: /home/kai/ros2_ws/src/cartpole_interfaces/install/cartpole_interfaces/include/cartpole_interfaces/cartpole_interfaces/msg/detail/imu_reading__type_support.c
[11.605s] -- Installing: /home/kai/ros2_ws/src/cartpole_interfaces/install/cartpole_interfaces/include/cartpole_interfaces/cartpole_interfaces/msg/rosidl_typesupport_introspection_c__visibility_control.h
[11.605s] -- Installing: /home/kai/ros2_ws/src/cartpole_interfaces/install/cartpole_interfaces/lib/libcartpole_interfaces__rosidl_typesupport_introspection_c.so
[11.605s] -- Set non-toolchain portion of runtime path of "/home/kai/ros2_ws/src/cartpole_interfaces/install/cartpole_interfaces/lib/libcartpole_interfaces__rosidl_typesupport_introspection_c.so" to ""
[11.606s] -- Installing: /home/kai/ros2_ws/src/cartpole_interfaces/install/cartpole_interfaces/lib/libcartpole_interfaces__rosidl_typesupport_c.so
[11.606s] -- Set non-toolchain portion of runtime path of "/home/kai/ros2_ws/src/cartpole_interfaces/install/cartpole_interfaces/lib/libcartpole_interfaces__rosidl_typesupport_c.so" to ""
[11.606s] -- Up-to-date: /home/kai/ros2_ws/src/cartpole_interfaces/install/cartpole_interfaces/include/cartpole_interfaces/cartpole_interfaces
[11.606s] -- Up-to-date: /home/kai/ros2_ws/src/cartpole_interfaces/install/cartpole_interfaces/include/cartpole_interfaces/cartpole_interfaces/msg
[11.606s] -- Up-to-date: /home/kai/ros2_ws/src/cartpole_interfaces/install/cartpole_interfaces/include/cartpole_interfaces/cartpole_interfaces/msg/detail
[11.607s] -- Installing: /home/kai/ros2_ws/src/cartpole_interfaces/install/cartpole_interfaces/include/cartpole_interfaces/cartpole_interfaces/msg/detail/torque_command__rosidl_typesupport_introspection_cpp.hpp
[11.607s] -- Installing: /home/kai/ros2_ws/src/cartpole_interfaces/install/cartpole_interfaces/include/cartpole_interfaces/cartpole_interfaces/msg/detail/position_reading__rosidl_typesupport_introspection_cpp.hpp
[11.607s] -- Installing: /home/kai/ros2_ws/src/cartpole_interfaces/install/cartpole_interfaces/include/cartpole_interfaces/cartpole_interfaces/msg/detail/position_reading__type_support.cpp
[11.607s] -- Installing: /home/kai/ros2_ws/src/cartpole_interfaces/install/cartpole_interfaces/include/cartpole_interfaces/cartpole_interfaces/msg/detail/torque_command__type_support.cpp
[11.607s] -- Installing: /home/kai/ros2_ws/src/cartpole_interfaces/install/cartpole_interfaces/include/cartpole_interfaces/cartpole_interfaces/msg/detail/imu_reading__type_support.cpp
[11.607s] -- Installing: /home/kai/ros2_ws/src/cartpole_interfaces/install/cartpole_interfaces/include/cartpole_interfaces/cartpole_interfaces/msg/detail/imu_reading__rosidl_typesupport_introspection_cpp.hpp
[11.607s] -- Installing: /home/kai/ros2_ws/src/cartpole_interfaces/install/cartpole_interfaces/lib/libcartpole_interfaces__rosidl_typesupport_introspection_cpp.so
[11.608s] -- Set non-toolchain portion of runtime path of "/home/kai/ros2_ws/src/cartpole_interfaces/install/cartpole_interfaces/lib/libcartpole_interfaces__rosidl_typesupport_introspection_cpp.so" to ""
[11.608s] -- Installing: /home/kai/ros2_ws/src/cartpole_interfaces/install/cartpole_interfaces/lib/libcartpole_interfaces__rosidl_typesupport_cpp.so
[11.608s] -- Set non-toolchain portion of runtime path of "/home/kai/ros2_ws/src/cartpole_interfaces/install/cartpole_interfaces/lib/libcartpole_interfaces__rosidl_typesupport_cpp.so" to ""
[11.609s] -- Installing: /home/kai/ros2_ws/src/cartpole_interfaces/install/cartpole_interfaces/share/cartpole_interfaces/environment/pythonpath.sh
[11.609s] -- Installing: /home/kai/ros2_ws/src/cartpole_interfaces/install/cartpole_interfaces/share/cartpole_interfaces/environment/pythonpath.dsv
[11.609s] -- Installing: /home/kai/ros2_ws/src/cartpole_interfaces/install/cartpole_interfaces/lib/python3.12/site-packages/cartpole_interfaces-0.0.0-py3.12.egg-info
[11.609s] -- Installing: /home/kai/ros2_ws/src/cartpole_interfaces/install/cartpole_interfaces/lib/python3.12/site-packages/cartpole_interfaces-0.0.0-py3.12.egg-info/SOURCES.txt
[11.609s] -- Installing: /home/kai/ros2_ws/src/cartpole_interfaces/install/cartpole_interfaces/lib/python3.12/site-packages/cartpole_interfaces-0.0.0-py3.12.egg-info/top_level.txt
[11.609s] -- Installing: /home/kai/ros2_ws/src/cartpole_interfaces/install/cartpole_interfaces/lib/python3.12/site-packages/cartpole_interfaces-0.0.0-py3.12.egg-info/PKG-INFO
[11.609s] -- Installing: /home/kai/ros2_ws/src/cartpole_interfaces/install/cartpole_interfaces/lib/python3.12/site-packages/cartpole_interfaces-0.0.0-py3.12.egg-info/dependency_links.txt
[11.610s] -- Installing: /home/kai/ros2_ws/src/cartpole_interfaces/install/cartpole_interfaces/lib/python3.12/site-packages/cartpole_interfaces
[11.610s] -- Installing: /home/kai/ros2_ws/src/cartpole_interfaces/install/cartpole_interfaces/lib/python3.12/site-packages/cartpole_interfaces/msg
[11.610s] -- Installing: /home/kai/ros2_ws/src/cartpole_interfaces/install/cartpole_interfaces/lib/python3.12/site-packages/cartpole_interfaces/msg/_imu_reading_s.c
[11.610s] -- Installing: /home/kai/ros2_ws/src/cartpole_interfaces/install/cartpole_interfaces/lib/python3.12/site-packages/cartpole_interfaces/msg/_torque_command.py
[11.610s] -- Installing: /home/kai/ros2_ws/src/cartpole_interfaces/install/cartpole_interfaces/lib/python3.12/site-packages/cartpole_interfaces/msg/_imu_reading.py
[11.610s] -- Installing: /home/kai/ros2_ws/src/cartpole_interfaces/install/cartpole_interfaces/lib/python3.12/site-packages/cartpole_interfaces/msg/_position_reading.py
[11.610s] -- Installing: /home/kai/ros2_ws/src/cartpole_interfaces/install/cartpole_interfaces/lib/python3.12/site-packages/cartpole_interfaces/msg/__init__.py
[11.610s] -- Installing: /home/kai/ros2_ws/src/cartpole_interfaces/install/cartpole_interfaces/lib/python3.12/site-packages/cartpole_interfaces/msg/_position_reading_s.c
[11.611s] -- Installing: /home/kai/ros2_ws/src/cartpole_interfaces/install/cartpole_interfaces/lib/python3.12/site-packages/cartpole_interfaces/msg/_torque_command_s.c
[11.611s] -- Installing: /home/kai/ros2_ws/src/cartpole_interfaces/install/cartpole_interfaces/lib/python3.12/site-packages/cartpole_interfaces/_cartpole_interfaces_s.ep.rosidl_typesupport_fastrtps_c.c
[11.611s] -- Installing: /home/kai/ros2_ws/src/cartpole_interfaces/install/cartpole_interfaces/lib/python3.12/site-packages/cartpole_interfaces/cartpole_interfaces_s__rosidl_typesupport_c.so
[11.611s] -- Installing: /home/kai/ros2_ws/src/cartpole_interfaces/install/cartpole_interfaces/lib/python3.12/site-packages/cartpole_interfaces/_cartpole_interfaces_s.ep.rosidl_typesupport_c.c
[11.611s] -- Installing: /home/kai/ros2_ws/src/cartpole_interfaces/install/cartpole_interfaces/lib/python3.12/site-packages/cartpole_interfaces/__init__.py
[11.611s] -- Installing: /home/kai/ros2_ws/src/cartpole_interfaces/install/cartpole_interfaces/lib/python3.12/site-packages/cartpole_interfaces/_cartpole_interfaces_s.ep.rosidl_typesupport_introspection_c.c
[11.612s] -- Installing: /home/kai/ros2_ws/src/cartpole_interfaces/install/cartpole_interfaces/lib/python3.12/site-packages/cartpole_interfaces/cartpole_interfaces_s__rosidl_typesupport_fastrtps_c.so
[11.612s] -- Installing: /home/kai/ros2_ws/src/cartpole_interfaces/install/cartpole_interfaces/lib/python3.12/site-packages/cartpole_interfaces/cartpole_interfaces_s__rosidl_typesupport_introspection_c.so
[11.676s] Listing '/home/kai/ros2_ws/src/cartpole_interfaces/install/cartpole_interfaces/lib/python3.12/site-packages/cartpole_interfaces'...
[11.676s] Compiling '/home/kai/ros2_ws/src/cartpole_interfaces/install/cartpole_interfaces/lib/python3.12/site-packages/cartpole_interfaces/__init__.py'...
[11.676s] Listing '/home/kai/ros2_ws/src/cartpole_interfaces/install/cartpole_interfaces/lib/python3.12/site-packages/cartpole_interfaces/msg'...
[11.676s] Compiling '/home/kai/ros2_ws/src/cartpole_interfaces/install/cartpole_interfaces/lib/python3.12/site-packages/cartpole_interfaces/msg/__init__.py'...
[11.676s] Compiling '/home/kai/ros2_ws/src/cartpole_interfaces/install/cartpole_interfaces/lib/python3.12/site-packages/cartpole_interfaces/msg/_imu_reading.py'...
[11.676s] Compiling '/home/kai/ros2_ws/src/cartpole_interfaces/install/cartpole_interfaces/lib/python3.12/site-packages/cartpole_interfaces/msg/_position_reading.py'...
[11.676s] Compiling '/home/kai/ros2_ws/src/cartpole_interfaces/install/cartpole_interfaces/lib/python3.12/site-packages/cartpole_interfaces/msg/_torque_command.py'...
[11.688s] -- Installing: /home/kai/ros2_ws/src/cartpole_interfaces/install/cartpole_interfaces/lib/python3.12/site-packages/cartpole_interfaces/cartpole_interfaces_s__rosidl_typesupport_fastrtps_c.so
[11.688s] -- Set non-toolchain portion of runtime path of "/home/kai/ros2_ws/src/cartpole_interfaces/install/cartpole_interfaces/lib/python3.12/site-packages/cartpole_interfaces/cartpole_interfaces_s__rosidl_typesupport_fastrtps_c.so" to ""
[11.689s] -- Installing: /home/kai/ros2_ws/src/cartpole_interfaces/install/cartpole_interfaces/lib/python3.12/site-packages/cartpole_interfaces/cartpole_interfaces_s__rosidl_typesupport_introspection_c.so
[11.689s] -- Set non-toolchain portion of runtime path of "/home/kai/ros2_ws/src/cartpole_interfaces/install/cartpole_interfaces/lib/python3.12/site-packages/cartpole_interfaces/cartpole_interfaces_s__rosidl_typesupport_introspection_c.so" to ""
[11.690s] -- Installing: /home/kai/ros2_ws/src/cartpole_interfaces/install/cartpole_interfaces/lib/python3.12/site-packages/cartpole_interfaces/cartpole_interfaces_s__rosidl_typesupport_c.so
[11.690s] -- Set non-toolchain portion of runtime path of "/home/kai/ros2_ws/src/cartpole_interfaces/install/cartpole_interfaces/lib/python3.12/site-packages/cartpole_interfaces/cartpole_interfaces_s__rosidl_typesupport_c.so" to ""
[11.690s] -- Installing: /home/kai/ros2_ws/src/cartpole_interfaces/install/cartpole_interfaces/lib/libcartpole_interfaces__rosidl_generator_py.so
[11.691s] -- Set non-toolchain portion of runtime path of "/home/kai/ros2_ws/src/cartpole_interfaces/install/cartpole_interfaces/lib/libcartpole_interfaces__rosidl_generator_py.so" to ""
[11.691s] -- Installing: /home/kai/ros2_ws/src/cartpole_interfaces/install/cartpole_interfaces/share/cartpole_interfaces/msg/ImuReading.idl
[11.691s] -- Installing: /home/kai/ros2_ws/src/cartpole_interfaces/install/cartpole_interfaces/share/cartpole_interfaces/msg/PositionReading.idl
[11.691s] -- Installing: /home/kai/ros2_ws/src/cartpole_interfaces/install/cartpole_interfaces/share/cartpole_interfaces/msg/TorqueCommand.idl
[11.691s] -- Installing: /home/kai/ros2_ws/src/cartpole_interfaces/install/cartpole_interfaces/share/cartpole_interfaces/msg/ImuReading.msg
[11.692s] -- Installing: /home/kai/ros2_ws/src/cartpole_interfaces/install/cartpole_interfaces/share/cartpole_interfaces/msg/PositionReading.msg
[11.692s] -- Installing: /home/kai/ros2_ws/src/cartpole_interfaces/install/cartpole_interfaces/share/cartpole_interfaces/msg/TorqueCommand.msg
[11.692s] -- Installing: /home/kai/ros2_ws/src/cartpole_interfaces/install/cartpole_interfaces/share/ament_index/resource_index/package_run_dependencies/cartpole_interfaces
[11.692s] -- Installing: /home/kai/ros2_ws/src/cartpole_interfaces/install/cartpole_interfaces/share/ament_index/resource_index/parent_prefix_path/cartpole_interfaces
[11.692s] -- Installing: /home/kai/ros2_ws/src/cartpole_interfaces/install/cartpole_interfaces/share/cartpole_interfaces/environment/ament_prefix_path.sh
[11.693s] -- Installing: /home/kai/ros2_ws/src/cartpole_interfaces/install/cartpole_interfaces/share/cartpole_interfaces/environment/ament_prefix_path.dsv
[11.693s] -- Installing: /home/kai/ros2_ws/src/cartpole_interfaces/install/cartpole_interfaces/share/cartpole_interfaces/environment/path.sh
[11.693s] -- Installing: /home/kai/ros2_ws/src/cartpole_interfaces/install/cartpole_interfaces/share/cartpole_interfaces/environment/path.dsv
[11.693s] -- Installing: /home/kai/ros2_ws/src/cartpole_interfaces/install/cartpole_interfaces/share/cartpole_interfaces/local_setup.bash
[11.693s] -- Installing: /home/kai/ros2_ws/src/cartpole_interfaces/install/cartpole_interfaces/share/cartpole_interfaces/local_setup.sh
[11.693s] -- Installing: /home/kai/ros2_ws/src/cartpole_interfaces/install/cartpole_interfaces/share/cartpole_interfaces/local_setup.zsh
[11.694s] -- Installing: /home/kai/ros2_ws/src/cartpole_interfaces/install/cartpole_interfaces/share/cartpole_interfaces/local_setup.dsv
[11.694s] -- Installing: /home/kai/ros2_ws/src/cartpole_interfaces/install/cartpole_interfaces/share/cartpole_interfaces/package.dsv
[11.694s] -- Installing: /home/kai/ros2_ws/src/cartpole_interfaces/install/cartpole_interfaces/share/ament_index/resource_index/packages/cartpole_interfaces
[11.694s] -- Installing: /home/kai/ros2_ws/src/cartpole_interfaces/install/cartpole_interfaces/share/cartpole_interfaces/cmake/export_cartpole_interfaces__rosidl_generator_cExport.cmake
[11.694s] -- Installing: /home/kai/ros2_ws/src/cartpole_interfaces/install/cartpole_interfaces/share/cartpole_interfaces/cmake/export_cartpole_interfaces__rosidl_generator_cExport-noconfig.cmake
[11.695s] -- Installing: /home/kai/ros2_ws/src/cartpole_interfaces/install/cartpole_interfaces/share/cartpole_interfaces/cmake/export_cartpole_interfaces__rosidl_typesupport_fastrtps_cExport.cmake
[11.695s] -- Installing: /home/kai/ros2_ws/src/cartpole_interfaces/install/cartpole_interfaces/share/cartpole_interfaces/cmake/export_cartpole_interfaces__rosidl_typesupport_fastrtps_cExport-noconfig.cmake
[11.695s] -- Installing: /home/kai/ros2_ws/src/cartpole_interfaces/install/cartpole_interfaces/share/cartpole_interfaces/cmake/export_cartpole_interfaces__rosidl_generator_cppExport.cmake
[11.695s] -- Installing: /home/kai/ros2_ws/src/cartpole_interfaces/install/cartpole_interfaces/share/cartpole_interfaces/cmake/export_cartpole_interfaces__rosidl_typesupport_fastrtps_cppExport.cmake
[11.695s] -- Installing: /home/kai/ros2_ws/src/cartpole_interfaces/install/cartpole_interfaces/share/cartpole_interfaces/cmake/export_cartpole_interfaces__rosidl_typesupport_fastrtps_cppExport-noconfig.cmake
[11.696s] -- Installing: /home/kai/ros2_ws/src/cartpole_interfaces/install/cartpole_interfaces/share/cartpole_interfaces/cmake/cartpole_interfaces__rosidl_typesupport_introspection_cExport.cmake
[11.696s] -- Installing: /home/kai/ros2_ws/src/cartpole_interfaces/install/cartpole_interfaces/share/cartpole_interfaces/cmake/cartpole_interfaces__rosidl_typesupport_introspection_cExport-noconfig.cmake
[11.696s] -- Installing: /home/kai/ros2_ws/src/cartpole_interfaces/install/cartpole_interfaces/share/cartpole_interfaces/cmake/cartpole_interfaces__rosidl_typesupport_cExport.cmake
[11.696s] -- Installing: /home/kai/ros2_ws/src/cartpole_interfaces/install/cartpole_interfaces/share/cartpole_interfaces/cmake/cartpole_interfaces__rosidl_typesupport_cExport-noconfig.cmake
[11.696s] -- Installing: /home/kai/ros2_ws/src/cartpole_interfaces/install/cartpole_interfaces/share/cartpole_interfaces/cmake/cartpole_interfaces__rosidl_typesupport_introspection_cppExport.cmake
[11.696s] -- Installing: /home/kai/ros2_ws/src/cartpole_interfaces/install/cartpole_interfaces/share/cartpole_interfaces/cmake/cartpole_interfaces__rosidl_typesupport_introspection_cppExport-noconfig.cmake
[11.697s] -- Installing: /home/kai/ros2_ws/src/cartpole_interfaces/install/cartpole_interfaces/share/cartpole_interfaces/cmake/cartpole_interfaces__rosidl_typesupport_cppExport.cmake
[11.697s] -- Installing: /home/kai/ros2_ws/src/cartpole_interfaces/install/cartpole_interfaces/share/cartpole_interfaces/cmake/cartpole_interfaces__rosidl_typesupport_cppExport-noconfig.cmake
[11.697s] -- Installing: /home/kai/ros2_ws/src/cartpole_interfaces/install/cartpole_interfaces/share/cartpole_interfaces/cmake/export_cartpole_interfaces__rosidl_generator_pyExport.cmake
[11.697s] -- Installing: /home/kai/ros2_ws/src/cartpole_interfaces/install/cartpole_interfaces/share/cartpole_interfaces/cmake/export_cartpole_interfaces__rosidl_generator_pyExport-noconfig.cmake
[11.697s] -- Installing: /home/kai/ros2_ws/src/cartpole_interfaces/install/cartpole_interfaces/share/cartpole_interfaces/cmake/rosidl_cmake-extras.cmake
[11.698s] -- Installing: /home/kai/ros2_ws/src/cartpole_interfaces/install/cartpole_interfaces/share/cartpole_interfaces/cmake/ament_cmake_export_include_directories-extras.cmake
[11.698s] -- Installing: /home/kai/ros2_ws/src/cartpole_interfaces/install/cartpole_interfaces/share/cartpole_interfaces/cmake/ament_cmake_export_libraries-extras.cmake
[11.698s] -- Installing: /home/kai/ros2_ws/src/cartpole_interfaces/install/cartpole_interfaces/share/cartpole_interfaces/cmake/ament_cmake_export_targets-extras.cmake
[11.698s] -- Installing: /home/kai/ros2_ws/src/cartpole_interfaces/install/cartpole_interfaces/share/cartpole_interfaces/cmake/rosidl_cmake_export_typesupport_targets-extras.cmake
[11.698s] -- Installing: /home/kai/ros2_ws/src/cartpole_interfaces/install/cartpole_interfaces/share/cartpole_interfaces/cmake/ament_cmake_export_dependencies-extras.cmake
[11.699s] -- Installing: /home/kai/ros2_ws/src/cartpole_interfaces/install/cartpole_interfaces/share/cartpole_interfaces/cmake/rosidl_cmake_export_typesupport_libraries-extras.cmake
[11.699s] -- Installing: /home/kai/ros2_ws/src/cartpole_interfaces/install/cartpole_interfaces/share/cartpole_interfaces/cmake/cartpole_interfacesConfig.cmake
[11.699s] -- Installing: /home/kai/ros2_ws/src/cartpole_interfaces/install/cartpole_interfaces/share/cartpole_interfaces/cmake/cartpole_interfacesConfig-version.cmake
[11.699s] -- Installing: /home/kai/ros2_ws/src/cartpole_interfaces/install/cartpole_interfaces/share/cartpole_interfaces/package.xml
[11.703s] Invoked command in '/home/kai/ros2_ws/src/cartpole_interfaces/build/cartpole_interfaces' returned '0': CMAKE_PREFIX_PATH=/opt/ros/jazzy /usr/bin/cmake --install /home/kai/ros2_ws/src/cartpole_interfaces/build/cartpole_interfaces
