[0.140s] DEBUG:colcon:Command line arguments: ['/usr/bin/colcon', 'build', '--packages-select', 'cartpole_interfaces']
[0.140s] DEBUG:colcon:Parsed command line arguments: Namespace(log_base=None, log_level=None, verb_name='build', build_base='build', install_base='install', merge_install=False, symlink_install=False, test_result_base=None, continue_on_error=False, executor='parallel', parallel_workers=4, event_handlers=None, ignore_user_meta=False, metas=['./colcon.meta'], base_paths=['.'], packages_ignore=None, packages_ignore_regex=None, paths=None, packages_up_to=None, packages_up_to_regex=None, packages_above=None, packages_above_and_dependencies=None, packages_above_depth=None, packages_select_by_dep=None, packages_skip_by_dep=None, packages_skip_up_to=None, packages_select_build_failed=False, packages_skip_build_finished=False, packages_select_test_failures=False, packages_skip_test_passed=False, packages_select=['cartpole_interfaces'], packages_skip=None, packages_select_regex=None, packages_skip_regex=None, packages_start=None, packages_end=None, allow_overriding=[], cmake_args=None, cmake_target=None, cmake_target_skip_unavailable=False, cmake_clean_cache=False, cmake_clean_first=False, cmake_force_configure=False, ament_cmake_args=None, catkin_cmake_args=None, catkin_skip_building_tests=False, mixin_files=None, mixin=None, verb_parser=<colcon_mixin.mixin.mixin_argument.MixinArgumentDecorator object at 0xffffbc23f170>, verb_extension=<colcon_core.verb.build.BuildVerb object at 0xffffbc4245f0>, main=<bound method BuildVerb.main of <colcon_core.verb.build.BuildVerb object at 0xffffbc4245f0>>, mixin_verb=('build',))
[0.255s] Level 1:colcon.colcon_core.package_discovery:discover_packages(colcon_meta) check parameters
[0.256s] Level 1:colcon.colcon_core.package_discovery:discover_packages(recursive) check parameters
[0.256s] Level 1:colcon.colcon_core.package_discovery:discover_packages(ignore) check parameters
[0.256s] Level 1:colcon.colcon_core.package_discovery:discover_packages(path) check parameters
[0.256s] Level 1:colcon.colcon_core.package_discovery:discover_packages(colcon_meta) discover
[0.256s] Level 1:colcon.colcon_core.package_discovery:discover_packages(recursive) discover
[0.256s] INFO:colcon.colcon_core.package_discovery:Crawling recursively for packages in '/home/kai/ros2_ws/src/cartpole_interfaces'
[0.256s] Level 1:colcon.colcon_core.package_identification:_identify(.) by extensions ['ignore', 'ignore_ament_install']
[0.256s] Level 1:colcon.colcon_core.package_identification:_identify(.) by extension 'ignore'
[0.256s] Level 1:colcon.colcon_core.package_identification:_identify(.) by extension 'ignore_ament_install'
[0.256s] Level 1:colcon.colcon_core.package_identification:_identify(.) by extensions ['colcon_pkg']
[0.256s] Level 1:colcon.colcon_core.package_identification:_identify(.) by extension 'colcon_pkg'
[0.257s] Level 1:colcon.colcon_core.package_identification:_identify(.) by extensions ['colcon_meta']
[0.257s] Level 1:colcon.colcon_core.package_identification:_identify(.) by extension 'colcon_meta'
[0.257s] Level 1:colcon.colcon_core.package_identification:_identify(.) by extensions ['ros']
[0.257s] Level 1:colcon.colcon_core.package_identification:_identify(.) by extension 'ros'
[0.327s] DEBUG:colcon.colcon_core.package_identification:Package '.' with type 'ros.ament_cmake' and name 'cartpole_interfaces'
[0.327s] Level 1:colcon.colcon_core.package_discovery:discover_packages(recursive) using defaults
[0.327s] Level 1:colcon.colcon_core.package_discovery:discover_packages(ignore) discover
[0.327s] Level 1:colcon.colcon_core.package_discovery:discover_packages(ignore) using defaults
[0.327s] Level 1:colcon.colcon_core.package_discovery:discover_packages(path) discover
[0.327s] Level 1:colcon.colcon_core.package_discovery:discover_packages(path) using defaults
[0.385s] Level 1:colcon.colcon_core.package_discovery:discover_packages(prefix_path) check parameters
[0.386s] Level 1:colcon.colcon_core.package_discovery:discover_packages(prefix_path) discover
[0.391s] DEBUG:colcon.colcon_installed_package_information.package_discovery:Found 192 installed packages in /opt/ros/jazzy
[0.392s] Level 1:colcon.colcon_core.package_discovery:discover_packages(prefix_path) using defaults
[0.436s] Level 5:colcon.colcon_core.verb:set package 'cartpole_interfaces' build argument 'cmake_args' from command line to 'None'
[0.436s] Level 5:colcon.colcon_core.verb:set package 'cartpole_interfaces' build argument 'cmake_target' from command line to 'None'
[0.436s] Level 5:colcon.colcon_core.verb:set package 'cartpole_interfaces' build argument 'cmake_target_skip_unavailable' from command line to 'False'
[0.436s] Level 5:colcon.colcon_core.verb:set package 'cartpole_interfaces' build argument 'cmake_clean_cache' from command line to 'False'
[0.436s] Level 5:colcon.colcon_core.verb:set package 'cartpole_interfaces' build argument 'cmake_clean_first' from command line to 'False'
[0.436s] Level 5:colcon.colcon_core.verb:set package 'cartpole_interfaces' build argument 'cmake_force_configure' from command line to 'False'
[0.436s] Level 5:colcon.colcon_core.verb:set package 'cartpole_interfaces' build argument 'ament_cmake_args' from command line to 'None'
[0.436s] Level 5:colcon.colcon_core.verb:set package 'cartpole_interfaces' build argument 'catkin_cmake_args' from command line to 'None'
[0.436s] Level 5:colcon.colcon_core.verb:set package 'cartpole_interfaces' build argument 'catkin_skip_building_tests' from command line to 'False'
[0.436s] DEBUG:colcon.colcon_core.verb:Building package 'cartpole_interfaces' with the following arguments: {'ament_cmake_args': None, 'build_base': '/home/kai/ros2_ws/src/cartpole_interfaces/build/cartpole_interfaces', 'catkin_cmake_args': None, 'catkin_skip_building_tests': False, 'cmake_args': None, 'cmake_clean_cache': False, 'cmake_clean_first': False, 'cmake_force_configure': False, 'cmake_target': None, 'cmake_target_skip_unavailable': False, 'install_base': '/home/kai/ros2_ws/src/cartpole_interfaces/install/cartpole_interfaces', 'merge_install': False, 'path': '/home/kai/ros2_ws/src/cartpole_interfaces', 'symlink_install': False, 'test_result_base': None}
[0.436s] INFO:colcon.colcon_core.executor:Executing jobs using 'parallel' executor
[0.437s] DEBUG:colcon.colcon_parallel_executor.executor.parallel:run_until_complete
[0.438s] INFO:colcon.colcon_ros.task.ament_cmake.build:Building ROS package in '/home/kai/ros2_ws/src/cartpole_interfaces' with build type 'ament_cmake'
[0.438s] INFO:colcon.colcon_cmake.task.cmake.build:Building CMake package in '/home/kai/ros2_ws/src/cartpole_interfaces'
[0.445s] INFO:colcon.colcon_core.plugin_system:Skipping extension 'colcon_core.shell.bat': Not used on non-Windows systems
[0.445s] INFO:colcon.colcon_core.shell:Skip shell extension 'powershell' for command environment: Not usable outside of PowerShell
[0.445s] DEBUG:colcon.colcon_core.shell:Skip shell extension 'dsv' for command environment
[0.459s] DEBUG:colcon.colcon_core.event_handler.log_command:Invoking command in '/home/kai/ros2_ws/src/cartpole_interfaces/build/cartpole_interfaces': CMAKE_PREFIX_PATH=/opt/ros/jazzy /usr/bin/cmake /home/kai/ros2_ws/src/cartpole_interfaces -DCMAKE_INSTALL_PREFIX=/home/kai/ros2_ws/src/cartpole_interfaces/install/cartpole_interfaces
[4.958s] DEBUG:colcon.colcon_core.event_handler.log_command:Invoked command in '/home/kai/ros2_ws/src/cartpole_interfaces/build/cartpole_interfaces' returned '0': CMAKE_PREFIX_PATH=/opt/ros/jazzy /usr/bin/cmake /home/kai/ros2_ws/src/cartpole_interfaces -DCMAKE_INSTALL_PREFIX=/home/kai/ros2_ws/src/cartpole_interfaces/install/cartpole_interfaces
[4.960s] DEBUG:colcon.colcon_core.event_handler.log_command:Invoking command in '/home/kai/ros2_ws/src/cartpole_interfaces/build/cartpole_interfaces': CMAKE_PREFIX_PATH=/opt/ros/jazzy /usr/bin/cmake --build /home/kai/ros2_ws/src/cartpole_interfaces/build/cartpole_interfaces -- -j4 -l4
[11.999s] DEBUG:colcon.colcon_core.event_handler.log_command:Invoked command in '/home/kai/ros2_ws/src/cartpole_interfaces/build/cartpole_interfaces' returned '0': CMAKE_PREFIX_PATH=/opt/ros/jazzy /usr/bin/cmake --build /home/kai/ros2_ws/src/cartpole_interfaces/build/cartpole_interfaces -- -j4 -l4
[12.016s] DEBUG:colcon.colcon_core.event_handler.log_command:Invoking command in '/home/kai/ros2_ws/src/cartpole_interfaces/build/cartpole_interfaces': CMAKE_PREFIX_PATH=/opt/ros/jazzy /usr/bin/cmake --install /home/kai/ros2_ws/src/cartpole_interfaces/build/cartpole_interfaces
[12.140s] Level 1:colcon.colcon_core.environment:create_environment_scripts_only(cartpole_interfaces)
[12.141s] DEBUG:colcon.colcon_core.event_handler.log_command:Invoked command in '/home/kai/ros2_ws/src/cartpole_interfaces/build/cartpole_interfaces' returned '0': CMAKE_PREFIX_PATH=/opt/ros/jazzy /usr/bin/cmake --install /home/kai/ros2_ws/src/cartpole_interfaces/build/cartpole_interfaces
[12.150s] Level 1:colcon.colcon_core.environment:checking '/home/kai/ros2_ws/src/cartpole_interfaces/install/cartpole_interfaces' for CMake module files
[12.151s] Level 1:colcon.colcon_core.environment:checking '/home/kai/ros2_ws/src/cartpole_interfaces/install/cartpole_interfaces' for CMake config files
[12.151s] Level 1:colcon.colcon_core.shell:create_environment_hook('cartpole_interfaces', 'cmake_prefix_path')
[12.152s] INFO:colcon.colcon_core.shell:Creating environment hook '/home/kai/ros2_ws/src/cartpole_interfaces/install/cartpole_interfaces/share/cartpole_interfaces/hook/cmake_prefix_path.ps1'
[12.153s] INFO:colcon.colcon_core.shell:Creating environment descriptor '/home/kai/ros2_ws/src/cartpole_interfaces/install/cartpole_interfaces/share/cartpole_interfaces/hook/cmake_prefix_path.dsv'
[12.154s] INFO:colcon.colcon_core.shell:Creating environment hook '/home/kai/ros2_ws/src/cartpole_interfaces/install/cartpole_interfaces/share/cartpole_interfaces/hook/cmake_prefix_path.sh'
[12.155s] Level 1:colcon.colcon_core.environment:checking '/home/kai/ros2_ws/src/cartpole_interfaces/install/cartpole_interfaces/lib'
[12.155s] Level 1:colcon.colcon_core.shell:create_environment_hook('cartpole_interfaces', 'ld_library_path_lib')
[12.156s] INFO:colcon.colcon_core.shell:Creating environment hook '/home/kai/ros2_ws/src/cartpole_interfaces/install/cartpole_interfaces/share/cartpole_interfaces/hook/ld_library_path_lib.ps1'
[12.156s] INFO:colcon.colcon_core.shell:Creating environment descriptor '/home/kai/ros2_ws/src/cartpole_interfaces/install/cartpole_interfaces/share/cartpole_interfaces/hook/ld_library_path_lib.dsv'
[12.157s] INFO:colcon.colcon_core.shell:Creating environment hook '/home/kai/ros2_ws/src/cartpole_interfaces/install/cartpole_interfaces/share/cartpole_interfaces/hook/ld_library_path_lib.sh'
[12.157s] Level 1:colcon.colcon_core.environment:checking '/home/kai/ros2_ws/src/cartpole_interfaces/install/cartpole_interfaces/bin'
[12.157s] Level 1:colcon.colcon_core.environment:checking '/home/kai/ros2_ws/src/cartpole_interfaces/install/cartpole_interfaces/lib/pkgconfig/cartpole_interfaces.pc'
[12.158s] Level 1:colcon.colcon_core.environment:checking '/home/kai/ros2_ws/src/cartpole_interfaces/install/cartpole_interfaces/lib/python3.12/site-packages'
[12.158s] Level 1:colcon.colcon_core.shell:create_environment_hook('cartpole_interfaces', 'pythonpath')
[12.158s] INFO:colcon.colcon_core.shell:Creating environment hook '/home/kai/ros2_ws/src/cartpole_interfaces/install/cartpole_interfaces/share/cartpole_interfaces/hook/pythonpath.ps1'
[12.158s] INFO:colcon.colcon_core.shell:Creating environment descriptor '/home/kai/ros2_ws/src/cartpole_interfaces/install/cartpole_interfaces/share/cartpole_interfaces/hook/pythonpath.dsv'
[12.159s] INFO:colcon.colcon_core.shell:Creating environment hook '/home/kai/ros2_ws/src/cartpole_interfaces/install/cartpole_interfaces/share/cartpole_interfaces/hook/pythonpath.sh'
[12.160s] Level 1:colcon.colcon_core.environment:checking '/home/kai/ros2_ws/src/cartpole_interfaces/install/cartpole_interfaces/bin'
[12.160s] INFO:colcon.colcon_core.shell:Creating package script '/home/kai/ros2_ws/src/cartpole_interfaces/install/cartpole_interfaces/share/cartpole_interfaces/package.ps1'
[12.161s] INFO:colcon.colcon_core.shell:Creating package descriptor '/home/kai/ros2_ws/src/cartpole_interfaces/install/cartpole_interfaces/share/cartpole_interfaces/package.dsv'
[12.163s] INFO:colcon.colcon_core.shell:Creating package script '/home/kai/ros2_ws/src/cartpole_interfaces/install/cartpole_interfaces/share/cartpole_interfaces/package.sh'
[12.165s] INFO:colcon.colcon_core.shell:Creating package script '/home/kai/ros2_ws/src/cartpole_interfaces/install/cartpole_interfaces/share/cartpole_interfaces/package.bash'
[12.167s] INFO:colcon.colcon_core.shell:Creating package script '/home/kai/ros2_ws/src/cartpole_interfaces/install/cartpole_interfaces/share/cartpole_interfaces/package.zsh'
[12.169s] Level 1:colcon.colcon_core.environment:create_file_with_runtime_dependencies(/home/kai/ros2_ws/src/cartpole_interfaces/install/cartpole_interfaces/share/colcon-core/packages/cartpole_interfaces)
[12.171s] Level 1:colcon.colcon_core.environment:create_environment_scripts_only(cartpole_interfaces)
[12.171s] Level 1:colcon.colcon_core.environment:checking '/home/kai/ros2_ws/src/cartpole_interfaces/install/cartpole_interfaces' for CMake module files
[12.172s] Level 1:colcon.colcon_core.environment:checking '/home/kai/ros2_ws/src/cartpole_interfaces/install/cartpole_interfaces' for CMake config files
[12.172s] Level 1:colcon.colcon_core.shell:create_environment_hook('cartpole_interfaces', 'cmake_prefix_path')
[12.173s] INFO:colcon.colcon_core.shell:Creating environment hook '/home/kai/ros2_ws/src/cartpole_interfaces/install/cartpole_interfaces/share/cartpole_interfaces/hook/cmake_prefix_path.ps1'
[12.173s] INFO:colcon.colcon_core.shell:Creating environment descriptor '/home/kai/ros2_ws/src/cartpole_interfaces/install/cartpole_interfaces/share/cartpole_interfaces/hook/cmake_prefix_path.dsv'
[12.174s] INFO:colcon.colcon_core.shell:Creating environment hook '/home/kai/ros2_ws/src/cartpole_interfaces/install/cartpole_interfaces/share/cartpole_interfaces/hook/cmake_prefix_path.sh'
[12.175s] Level 1:colcon.colcon_core.environment:checking '/home/kai/ros2_ws/src/cartpole_interfaces/install/cartpole_interfaces/lib'
[12.175s] Level 1:colcon.colcon_core.shell:create_environment_hook('cartpole_interfaces', 'ld_library_path_lib')
[12.176s] INFO:colcon.colcon_core.shell:Creating environment hook '/home/kai/ros2_ws/src/cartpole_interfaces/install/cartpole_interfaces/share/cartpole_interfaces/hook/ld_library_path_lib.ps1'
[12.176s] INFO:colcon.colcon_core.shell:Creating environment descriptor '/home/kai/ros2_ws/src/cartpole_interfaces/install/cartpole_interfaces/share/cartpole_interfaces/hook/ld_library_path_lib.dsv'
[12.177s] INFO:colcon.colcon_core.shell:Creating environment hook '/home/kai/ros2_ws/src/cartpole_interfaces/install/cartpole_interfaces/share/cartpole_interfaces/hook/ld_library_path_lib.sh'
[12.178s] Level 1:colcon.colcon_core.environment:checking '/home/kai/ros2_ws/src/cartpole_interfaces/install/cartpole_interfaces/bin'
[12.178s] Level 1:colcon.colcon_core.environment:checking '/home/kai/ros2_ws/src/cartpole_interfaces/install/cartpole_interfaces/lib/pkgconfig/cartpole_interfaces.pc'
[12.178s] Level 1:colcon.colcon_core.environment:checking '/home/kai/ros2_ws/src/cartpole_interfaces/install/cartpole_interfaces/lib/python3.12/site-packages'
[12.179s] Level 1:colcon.colcon_core.shell:create_environment_hook('cartpole_interfaces', 'pythonpath')
[12.179s] INFO:colcon.colcon_core.shell:Creating environment hook '/home/kai/ros2_ws/src/cartpole_interfaces/install/cartpole_interfaces/share/cartpole_interfaces/hook/pythonpath.ps1'
[12.179s] INFO:colcon.colcon_core.shell:Creating environment descriptor '/home/kai/ros2_ws/src/cartpole_interfaces/install/cartpole_interfaces/share/cartpole_interfaces/hook/pythonpath.dsv'
[12.181s] INFO:colcon.colcon_core.shell:Creating environment hook '/home/kai/ros2_ws/src/cartpole_interfaces/install/cartpole_interfaces/share/cartpole_interfaces/hook/pythonpath.sh'
[12.182s] Level 1:colcon.colcon_core.environment:checking '/home/kai/ros2_ws/src/cartpole_interfaces/install/cartpole_interfaces/bin'
[12.182s] INFO:colcon.colcon_core.shell:Creating package script '/home/kai/ros2_ws/src/cartpole_interfaces/install/cartpole_interfaces/share/cartpole_interfaces/package.ps1'
[12.183s] INFO:colcon.colcon_core.shell:Creating package descriptor '/home/kai/ros2_ws/src/cartpole_interfaces/install/cartpole_interfaces/share/cartpole_interfaces/package.dsv'
[12.184s] INFO:colcon.colcon_core.shell:Creating package script '/home/kai/ros2_ws/src/cartpole_interfaces/install/cartpole_interfaces/share/cartpole_interfaces/package.sh'
[12.186s] INFO:colcon.colcon_core.shell:Creating package script '/home/kai/ros2_ws/src/cartpole_interfaces/install/cartpole_interfaces/share/cartpole_interfaces/package.bash'
[12.187s] INFO:colcon.colcon_core.shell:Creating package script '/home/kai/ros2_ws/src/cartpole_interfaces/install/cartpole_interfaces/share/cartpole_interfaces/package.zsh'
[12.189s] Level 1:colcon.colcon_core.environment:create_file_with_runtime_dependencies(/home/kai/ros2_ws/src/cartpole_interfaces/install/cartpole_interfaces/share/colcon-core/packages/cartpole_interfaces)
[12.190s] DEBUG:colcon.colcon_parallel_executor.executor.parallel:closing loop
[12.191s] DEBUG:colcon.colcon_parallel_executor.executor.parallel:loop closed
[12.191s] DEBUG:colcon.colcon_parallel_executor.executor.parallel:run_until_complete finished with '0'
[12.191s] DEBUG:colcon.colcon_core.event_reactor:joining thread
[12.202s] INFO:colcon.colcon_core.plugin_system:Skipping extension 'colcon_notification.desktop_notification.notify_send': Could not find 'notify-send'
[12.202s] INFO:colcon.colcon_core.plugin_system:Skipping extension 'colcon_notification.desktop_notification.terminal_notifier': Not used on non-Darwin systems
[12.202s] INFO:colcon.colcon_core.plugin_system:Skipping extension 'colcon_notification.desktop_notification.win32': Not used on non-Windows systems
[12.202s] INFO:colcon.colcon_notification.desktop_notification:Sending desktop notification using 'notify2'
[12.232s] DEBUG:colcon.colcon_notification.desktop_notification.notify2:Failed to initialize notify2: org.freedesktop.DBus.Error.ServiceUnknown: The name org.freedesktop.Notifications was not provided by any .service files
[12.232s] DEBUG:colcon.colcon_core.event_reactor:joined thread
[12.232s] INFO:colcon.colcon_core.shell:Creating prefix script '/home/kai/ros2_ws/src/cartpole_interfaces/install/local_setup.ps1'
[12.234s] INFO:colcon.colcon_core.shell:Creating prefix util module '/home/kai/ros2_ws/src/cartpole_interfaces/install/_local_setup_util_ps1.py'
[12.237s] INFO:colcon.colcon_core.shell:Creating prefix chain script '/home/kai/ros2_ws/src/cartpole_interfaces/install/setup.ps1'
[12.239s] INFO:colcon.colcon_core.shell:Creating prefix script '/home/kai/ros2_ws/src/cartpole_interfaces/install/local_setup.sh'
[12.241s] INFO:colcon.colcon_core.shell:Creating prefix util module '/home/kai/ros2_ws/src/cartpole_interfaces/install/_local_setup_util_sh.py'
[12.242s] INFO:colcon.colcon_core.shell:Creating prefix chain script '/home/kai/ros2_ws/src/cartpole_interfaces/install/setup.sh'
[12.244s] INFO:colcon.colcon_core.shell:Creating prefix script '/home/kai/ros2_ws/src/cartpole_interfaces/install/local_setup.bash'
[12.246s] INFO:colcon.colcon_core.shell:Creating prefix chain script '/home/kai/ros2_ws/src/cartpole_interfaces/install/setup.bash'
[12.249s] INFO:colcon.colcon_core.shell:Creating prefix script '/home/kai/ros2_ws/src/cartpole_interfaces/install/local_setup.zsh'
[12.251s] INFO:colcon.colcon_core.shell:Creating prefix chain script '/home/kai/ros2_ws/src/cartpole_interfaces/install/setup.zsh'
